TN:
SF:script/ERC20.sol
DA:11,0
FN:11,CounterScript.setUp
FNDA:0,CounterScript.setUp
DA:13,0
FN:13,CounterScript.run
FNDA:0,CounterScript.run
DA:14,0
DA:16,0
FNF:2
FNH:0
LF:4
LH:0
BRF:0
BRH:0
end_of_record
TN:
SF:src/access/AccessControl/AccessControlFacet.sol
DA:69,13573
FN:69,AccessControlFacet.getStorage
FNDA:13573,AccessControlFacet.getStorage
DA:70,13573
DA:72,0
DA:82,5948
FN:82,AccessControlFacet.hasRole
FNDA:5948,AccessControlFacet.hasRole
DA:83,5948
DA:84,5948
DA:93,3
FN:93,AccessControlFacet.requireRole
FNDA:3,AccessControlFacet.requireRole
DA:94,3
DA:95,3
BRDA:95,0,0,2
DA:96,2
DA:105,776
FN:105,AccessControlFacet.getRoleAdmin
FNDA:776,AccessControlFacet.getRoleAdmin
DA:106,776
DA:107,776
DA:117,3
FN:117,AccessControlFacet.setRoleAdmin
FNDA:3,AccessControlFacet.setRoleAdmin
DA:118,3
DA:119,3
DA:124,3
BRDA:124,1,0,1
DA:125,1
DA:128,2
DA:129,2
DA:139,3627
FN:139,AccessControlFacet.grantRole
FNDA:3627,AccessControlFacet.grantRole
DA:140,3627
DA:141,3627
DA:146,3627
BRDA:146,2,0,259
DA:147,259
DA:150,3368
DA:151,3368
BRDA:151,3,0,3367
DA:152,3367
DA:153,3367
DA:164,1545
FN:164,AccessControlFacet.revokeRole
FNDA:1545,AccessControlFacet.revokeRole
DA:165,1545
DA:166,1545
DA:171,1545
BRDA:171,4,0,258
DA:172,258
DA:175,1287
DA:176,1286
BRDA:176,5,0,1286
DA:177,1286
DA:178,1286
DA:189,4
FN:189,AccessControlFacet.grantRoleBatch
FNDA:4,AccessControlFacet.grantRoleBatch
DA:190,4
DA:191,4
DA:196,4
BRDA:196,6,0,1
DA:197,1
DA:200,3
DA:201,3
DA:202,6
DA:203,6
DA:204,6
BRDA:204,7,0,5
DA:205,5
DA:206,5
DA:218,4
FN:218,AccessControlFacet.revokeRoleBatch
FNDA:4,AccessControlFacet.revokeRoleBatch
DA:219,4
DA:220,4
DA:225,4
BRDA:225,8,0,1
DA:226,1
DA:229,3
DA:230,3
DA:231,6
DA:232,6
DA:233,4
BRDA:233,9,0,4
DA:234,4
DA:235,4
DA:247,265
FN:247,AccessControlFacet.renounceRole
FNDA:265,AccessControlFacet.renounceRole
DA:248,265
DA:253,265
BRDA:253,10,0,258
DA:254,258
DA:256,7
DA:257,5
BRDA:257,11,0,5
DA:258,5
DA:259,5
FNF:10
FNH:10
LF:70
LH:69
BRF:12
BRH:12
end_of_record
TN:
SF:src/access/AccessControlPausable/AccessControlPausableFacet.sol
DA:68,53
FN:68,AccessControlPausableFacet.getAccessControlStorage
FNDA:53,AccessControlPausableFacet.getAccessControlStorage
DA:69,53
DA:71,0
DA:79,46
FN:79,AccessControlPausableFacet.getStorage
FNDA:46,AccessControlPausableFacet.getStorage
DA:80,46
DA:82,0
DA:91,15
FN:91,AccessControlPausableFacet.isRolePaused
FNDA:15,AccessControlPausableFacet.isRolePaused
DA:92,15
DA:102,17
FN:102,AccessControlPausableFacet.pauseRole
FNDA:17,AccessControlPausableFacet.pauseRole
DA:103,17
DA:104,17
DA:109,17
DA:114,17
BRDA:114,0,0,1
DA:115,1
DA:121,16
DA:122,16
DA:132,9
FN:132,AccessControlPausableFacet.unpauseRole
FNDA:9,AccessControlPausableFacet.unpauseRole
DA:133,9
DA:134,9
DA:139,9
DA:144,9
BRDA:144,1,0,1
DA:145,1
DA:151,8
DA:152,8
DA:162,4
FN:162,AccessControlPausableFacet.requireRoleNotPaused
FNDA:4,AccessControlPausableFacet.requireRoleNotPaused
DA:163,4
DA:164,4
DA:169,4
BRDA:169,2,0,1
DA:170,1
DA:176,1
BRDA:176,3,0,1
DA:177,1
FNF:6
FNH:6
LF:31
LH:29
BRF:4
BRH:4
end_of_record
TN:
SF:src/access/AccessControlTemporal/AccessControlTemporalFacet.sol
DA:74,59
FN:74,AccessControlTemporalFacet.getAccessControlStorage
FNDA:59,AccessControlTemporalFacet.getAccessControlStorage
DA:75,59
DA:77,0
DA:85,48
FN:85,AccessControlTemporalFacet.getStorage
FNDA:48,AccessControlTemporalFacet.getStorage
DA:86,48
DA:88,0
DA:98,11
FN:98,AccessControlTemporalFacet.getRoleExpiry
FNDA:11,AccessControlTemporalFacet.getRoleExpiry
DA:99,11
DA:108,4
FN:108,AccessControlTemporalFacet.isRoleExpired
FNDA:4,AccessControlTemporalFacet.isRoleExpired
DA:109,4
DA:110,4
DA:111,4
DA:116,4
BRDA:116,0,0,1
DA:117,1
DA:123,3
DA:135,19
FN:135,AccessControlTemporalFacet.grantRoleWithExpiry
FNDA:19,AccessControlTemporalFacet.grantRoleWithExpiry
DA:136,19
DA:137,19
DA:138,19
DA:143,19
BRDA:143,1,0,1
DA:144,1
DA:150,18
BRDA:150,2,0,2
DA:151,2
DA:157,16
DA:158,16
BRDA:158,3,0,14
DA:159,14
DA:165,16
DA:166,16
DA:177,5
FN:177,AccessControlTemporalFacet.revokeTemporalRole
FNDA:5,AccessControlTemporalFacet.revokeTemporalRole
DA:178,5
DA:179,5
DA:180,5
DA:185,5
BRDA:185,4,0,1
DA:186,1
DA:192,4
DA:197,3
BRDA:197,5,0,3
DA:201,3
DA:206,3
DA:208,3
DA:219,8
FN:219,AccessControlTemporalFacet.requireValidRole
FNDA:8,AccessControlTemporalFacet.requireValidRole
DA:220,8
DA:221,8
DA:226,8
BRDA:226,6,0,2
DA:227,2
DA:233,6
DA:234,6
BRDA:234,7,0,2
DA:235,2
FNF:7
FNH:7
LF:47
LH:45
BRF:8
BRH:8
end_of_record
TN:
SF:src/access/Owner/OwnerFacet.sol
DA:36,2867
FN:36,OwnerFacet.getStorage
FNDA:2867,OwnerFacet.getStorage
DA:37,2867
DA:39,0
DA:47,1034
FN:47,OwnerFacet.owner
FNDA:1034,OwnerFacet.owner
DA:48,1034
DA:56,1810
FN:56,OwnerFacet.transferOwnership
FNDA:1810,OwnerFacet.transferOwnership
DA:57,1810
DA:58,1810
BRDA:58,0,0,516
DA:59,516
DA:61,1294
DA:62,1294
DA:63,1294
DA:70,3
FN:70,OwnerFacet.renounceOwnership
FNDA:3,OwnerFacet.renounceOwnership
DA:71,3
DA:72,3
BRDA:72,1,0,1
DA:73,1
DA:75,2
DA:76,2
DA:77,2
FNF:4
FNH:4
LF:19
LH:18
BRF:2
BRH:2
end_of_record
TN:
SF:src/access/OwnerTwoSteps/OwnerTwoStepsFacet.sol
DA:41,4722
FN:41,OwnerTwoStepsFacet.getOwnerStorage
FNDA:4722,OwnerTwoStepsFacet.getOwnerStorage
DA:42,4722
DA:44,0
DA:62,3956
FN:62,OwnerTwoStepsFacet.getPendingOwnerStorage
FNDA:3956,OwnerTwoStepsFacet.getPendingOwnerStorage
DA:63,3956
DA:65,0
DA:73,1040
FN:73,OwnerTwoStepsFacet.owner
FNDA:1040,OwnerTwoStepsFacet.owner
DA:74,1040
DA:81,790
FN:81,OwnerTwoStepsFacet.pendingOwner
FNDA:790,OwnerTwoStepsFacet.pendingOwner
DA:82,790
DA:89,1568
FN:89,OwnerTwoStepsFacet.transferOwnership
FNDA:1568,OwnerTwoStepsFacet.transferOwnership
DA:90,1568
DA:91,1568
BRDA:91,0,0,516
DA:92,516
DA:94,1052
DA:95,1052
DA:102,1041
FN:102,OwnerTwoStepsFacet.acceptOwnership
FNDA:1041,OwnerTwoStepsFacet.acceptOwnership
DA:103,1041
DA:104,1041
DA:105,1041
BRDA:105,1,0,775
DA:106,775
DA:108,266
DA:109,266
DA:110,266
DA:111,266
DA:118,1035
FN:118,OwnerTwoStepsFacet.renounceOwnership
FNDA:1035,OwnerTwoStepsFacet.renounceOwnership
DA:119,1035
DA:120,1035
DA:121,1035
BRDA:121,2,0,515
DA:122,515
DA:124,520
DA:125,520
DA:126,520
DA:127,520
FNF:7
FNH:7
LF:34
LH:32
BRF:3
BRH:3
end_of_record
TN:
SF:src/diamond/DiamondInspectFacet.sol
DA:37,0
FN:37,DiamondInspectFacet.getStorage
FNDA:0,DiamondInspectFacet.getStorage
DA:38,0
DA:40,0
DA:50,0
FN:50,DiamondInspectFacet.facetAddress
FNDA:0,DiamondInspectFacet.facetAddress
DA:51,0
DA:52,0
DA:65,0
FN:65,DiamondInspectFacet.functionFacetPairs
FNDA:0,DiamondInspectFacet.functionFacetPairs
DA:66,0
DA:67,0
DA:68,0
DA:69,0
DA:70,0
DA:71,0
FNF:3
FNH:0
LF:13
LH:0
BRF:0
BRH:0
end_of_record
TN:
SF:src/diamond/DiamondLoupeFacet.sol
DA:42,55
FN:42,DiamondLoupeFacet.getStorage
FNDA:55,DiamondLoupeFacet.getStorage
DA:43,55
DA:45,0
DA:52,5
FN:52,DiamondLoupeFacet.facetAddress
FNDA:5,DiamondLoupeFacet.facetAddress
DA:53,5
DA:54,5
DA:80,5
FN:80,DiamondLoupeFacet.facetFunctionSelectors
FNDA:5,DiamondLoupeFacet.facetFunctionSelectors
DA:81,5
DA:82,5
DA:83,5
DA:84,5
DA:85,5
DA:90,5
DA:91,13732
DA:92,13732
BRDA:92,0,0,4
DA:93,4
DA:94,4
DA:101,0
DA:138,22
FN:138,DiamondLoupeFacet.facetAddresses
FNDA:22,DiamondLoupeFacet.facetAddresses
DA:139,22
DA:140,22
DA:141,22
DA:142,22
DA:151,0
DA:160,22
DA:165,22
DA:170,22
DA:175,22
DA:177,22
DA:178,27258
DA:179,27258
DA:183,27258
DA:187,27258
DA:188,27258
DA:189,49131
DA:193,46958
BRDA:193,1,0,25085
DA:194,25085
DA:203,27258
BRDA:203,2,0,2173
DA:209,2173
BRDA:209,3,0,1294
DA:213,1294
DA:214,1294
DA:215,284
DA:217,1294
DA:218,1294
DA:224,0
DA:229,2173
DA:230,2173
DA:232,2173
DA:240,0
DA:283,23
FN:283,DiamondLoupeFacet.facets
FNDA:23,DiamondLoupeFacet.facets
DA:284,23
DA:285,23
DA:286,23
DA:287,23
DA:296,23
DA:298,0
DA:304,23
DA:309,23
DA:318,23
DA:323,23
DA:328,23
DA:333,23
DA:335,23
DA:336,67262
DA:337,67262
DA:341,67262
DA:345,67262
DA:349,67262
DA:350,479119
DA:354,471945
DA:359,0
DA:364,471945
BRDA:364,4,0,60088
DA:365,60088
DA:366,60088
DA:371,60088
BRDA:371,5,0,520
DA:375,520
DA:376,520
DA:377,11392
DA:379,520
DA:380,520
DA:386,0
DA:391,60088
DA:392,0
DA:402,67262
BRDA:402,6,0,7174
DA:408,7174
BRDA:408,7,0,2641
DA:412,2641
DA:413,2641
DA:414,12404
DA:416,2641
DA:417,2641
DA:423,0
DA:428,7174
DA:433,0
DA:438,7174
DA:442,7174
DA:447,0
DA:452,7174
DA:453,7174
DA:455,7174
DA:463,23
DA:468,23
DA:469,7174
DA:471,0
DA:473,7174
DA:474,7174
FNF:5
FNH:5
LF:105
LH:92
BRF:8
BRH:8
end_of_record
TN:
SF:src/diamond/DiamondUpgradeFacet.sol
DA:35,14
FN:35,DiamondUpgradeFacet.getOwnerStorage
FNDA:14,DiamondUpgradeFacet.getOwnerStorage
DA:36,14
DA:38,0
DA:65,24
FN:65,DiamondUpgradeFacet.getDiamondStorage
FNDA:24,DiamondUpgradeFacet.getDiamondStorage
DA:66,24
DA:68,0
DA:132,10
FN:132,DiamondUpgradeFacet.addFunctions
FNDA:10,DiamondUpgradeFacet.addFunctions
DA:133,10
DA:134,10
BRDA:134,0,0,-
DA:135,0
DA:137,10
BRDA:137,1,0,-
DA:138,0
DA:140,10
DA:141,10
DA:142,25
DA:143,25
DA:144,25
BRDA:144,2,0,-
DA:145,0
DA:147,25
DA:148,25
DA:149,25
DA:150,25
DA:154,0
FN:154,DiamondUpgradeFacet.replaceFunctions
FNDA:0,DiamondUpgradeFacet.replaceFunctions
DA:155,0
DA:156,0
BRDA:156,3,0,-
DA:157,0
DA:159,0
BRDA:159,4,0,-
DA:160,0
DA:162,0
DA:163,0
DA:164,0
DA:165,0
BRDA:165,5,0,-
DA:166,0
DA:168,0
BRDA:168,6,0,-
DA:169,0
DA:171,0
BRDA:171,7,0,-
DA:172,0
DA:177,0
DA:178,0
DA:182,14
FN:182,DiamondUpgradeFacet.removeFunctions
FNDA:14,DiamondUpgradeFacet.removeFunctions
DA:183,14
DA:184,14
DA:185,14
DA:186,0
DA:187,0
DA:188,0
DA:189,0
BRDA:189,8,0,-
DA:190,0
DA:192,0
BRDA:192,9,0,-
DA:193,0
DA:198,0
DA:199,0
BRDA:199,10,0,-
DA:200,0
DA:201,0
DA:202,0
DA:207,0
DA:209,0
DA:257,14
FN:257,DiamondUpgradeFacet.upgradeDiamond
FNDA:14,DiamondUpgradeFacet.upgradeDiamond
DA:266,14
BRDA:266,11,0,-
DA:267,0
DA:269,14
DA:270,10
DA:272,14
DA:273,0
DA:275,14
DA:276,14
BRDA:276,12,0,6
DA:277,6
BRDA:277,13,0,-
DA:278,0
DA:280,6
DA:281,6
BRDA:281,14,0,-
DA:282,0
BRDA:282,15,0,-
BRDA:282,15,1,-
DA:287,0
DA:290,0
DA:293,6
DA:295,14
BRDA:295,16,0,-
DA:296,0
FNF:6
FNH:5
LF:76
LH:33
BRF:18
BRH:1
end_of_record
TN:
SF:src/diamond/InitShardedLoupe.sol
DA:10,26
FN:10,InitShardedLoupe.init
FNDA:26,InitShardedLoupe.init
DA:11,26
FNF:1
FNH:1
LF:2
LH:2
BRF:0
BRH:0
end_of_record
TN:
SF:src/diamond/LibDiamondQuery.sol
DA:7,0
FN:7,LibDiamondQuery.facetAddress
FNDA:0,LibDiamondQuery.facetAddress
DA:8,0
DA:10,0
DA:11,0
DA:12,0
DA:13,0
FNF:1
FNH:0
LF:6
LH:0
BRF:0
BRH:0
end_of_record
TN:
SF:src/diamond/LibDiamondShard.sol
DA:23,28
FN:23,LibDiamondShard.getStorage
FNDA:28,LibDiamondShard.getStorage
DA:24,28
DA:26,0
DA:33,28
FN:33,LibDiamondShard.rebuildDefaultShard
FNDA:28,LibDiamondShard.rebuildDefaultShard
DA:34,28
DA:35,28
DA:38,28
BRDA:38,0,0,-
DA:40,28
DA:41,28
DA:43,28
BRDA:43,1,0,-
DA:44,0
DA:45,0
DA:48,28
DA:49,28
DA:52,28
DA:53,27340
DA:54,27340
DA:55,27340
DA:56,27340
BRDA:56,2,0,2205
DA:57,2205
DA:58,2205
DA:59,2205
DA:60,0
DA:62,27340
DA:65,28
DA:66,28
DA:67,28
DA:69,28
DA:70,2205
DA:71,2205
DA:72,2205
DA:76,28
DA:77,27340
DA:78,27340
DA:79,27340
DA:80,27340
DA:81,27340
DA:82,27340
DA:85,28
DA:88,28
DA:89,2205
DA:90,2205
DA:91,2205
DA:96,26
FN:96,LibDiamondShard.enableShardedLoupe
FNDA:26,LibDiamondShard.enableShardedLoupe
DA:97,26
DA:98,26
DA:99,0
FNF:3
FNH:3
LF:47
LH:42
BRF:3
BRH:1
end_of_record
TN:
SF:src/diamond/LibShardedLoupe.sol
DA:30,2385
FN:30,LibShardedLoupe.getStorage
FNDA:2385,LibShardedLoupe.getStorage
DA:31,2385
DA:33,0
DA:41,28
FN:41,LibShardedLoupe.rebuildShard
FNDA:28,LibShardedLoupe.rebuildShard
DA:42,28
DA:44,28
DA:47,28
DA:48,2205
DA:52,28
BRDA:52,0,0,2
DA:53,2
DA:54,2
DA:55,2
DA:56,10
DA:58,0
DA:60,10
DA:62,10
BRDA:62,1,0,-
DA:63,0
DA:64,0
DA:65,0
DA:70,28
DA:73,28
DA:75,0
DA:78,28
DA:79,28
DA:80,2205
DA:82,0
DA:84,2205
DA:86,28
DA:89,28
DA:90,28
DA:93,28
DA:94,2205
DA:98,28
DA:99,2205
DA:103,28
BRDA:103,2,0,26
DA:104,26
DA:105,26
DA:114,0
FN:114,LibShardedLoupe.unpackAddresses
FNDA:0,LibShardedLoupe.unpackAddresses
DA:119,0
BRDA:119,3,0,-
DA:121,0
DA:123,0
DA:126,0
DA:127,0
DA:128,0
DA:130,0
DA:132,0
DA:133,0
DA:135,0
DA:142,0
FN:142,LibShardedLoupe.unpackFacetsAndSelectors
FNDA:0,LibShardedLoupe.unpackFacetsAndSelectors
DA:147,0
BRDA:147,4,0,-
DA:148,0
DA:151,0
DA:153,0
DA:156,0
DA:157,0
DA:159,0
DA:160,0
DA:161,0
DA:162,0
DA:164,0
DA:165,0
DA:167,0
DA:169,0
DA:170,0
DA:171,0
DA:172,0
DA:174,0
DA:176,0
DA:177,0
DA:179,0
DA:184,2182
FN:184,LibShardedLoupe.getFacetSelectors
FNDA:2182,LibShardedLoupe.getFacetSelectors
DA:185,2182
DA:186,2182
DA:187,2182
DA:188,2182
BRDA:188,5,0,4
DA:189,4
DA:192,2178
DA:193,2178
BRDA:193,6,0,-
DA:195,0
DA:197,0
DA:200,2178
DA:201,2178
DA:202,2178
DA:203,27273
DA:205,0
DA:207,27273
DA:208,27273
DA:213,4
FN:213,LibShardedLoupe.getFacetSelectorsPacked
FNDA:4,LibShardedLoupe.getFacetSelectorsPacked
DA:214,4
DA:215,4
DA:216,4
BRDA:216,7,0,-
DA:217,0
DA:219,4
DA:220,4
BRDA:220,8,0,-
DA:221,0
DA:223,4
DA:224,4
DA:226,0
DA:227,0
DA:228,0
DA:229,0
DA:234,2205
FN:234,LibShardedLoupe._storeFacetSelectors
FNDA:2205,LibShardedLoupe._storeFacetSelectors
DA:240,2205
DA:241,2205
DA:243,0
DA:246,2205
DA:247,2205
DA:248,27340
DA:250,0
DA:252,27340
DA:255,2205
DA:256,2205
DA:257,2205
BRDA:257,9,0,10
DA:258,10
DA:260,0
DA:262,10
BRDA:262,10,0,10
BRDA:262,10,1,-
DA:263,10
DA:264,10
BRDA:264,11,0,-
DA:265,0
DA:268,0
DA:272,2205
BRDA:272,12,0,2195
DA:273,2195
DA:276,2205
DA:277,2205
DA:278,2205
FNF:7
FNH:5
LF:125
LH:71
BRF:14
BRH:6
end_of_record
TN:
SF:src/diamond/PackedLoupeExtension.sol
DA:14,4
FN:14,PackedLoupeExtension.facetAddressesPacked
FNDA:4,PackedLoupeExtension.facetAddressesPacked
DA:15,4
DA:17,4
BRDA:17,0,0,-
DA:18,0
DA:21,4
DA:24,4
DA:25,4
DA:26,4
BRDA:26,1,0,-
DA:27,0
DA:29,4
DA:30,4
BRDA:30,2,0,4
DA:31,4
DA:32,4
DA:34,0
DA:35,0
DA:36,0
DA:37,0
DA:40,4
DA:49,4
FN:49,PackedLoupeExtension.selectorsPacked
FNDA:4,PackedLoupeExtension.selectorsPacked
DA:50,4
DA:51,4
BRDA:51,3,0,-
DA:52,0
DA:54,4
DA:60,0
FN:60,PackedLoupeExtension.facetsPacked
FNDA:0,PackedLoupeExtension.facetsPacked
DA:61,0
DA:63,0
BRDA:63,4,0,-
DA:64,0
DA:67,0
DA:69,0
DA:70,0
DA:71,0
BRDA:71,5,0,-
DA:72,0
DA:74,0
DA:75,0
BRDA:75,6,0,-
DA:76,0
DA:79,0
DA:80,0
DA:82,0
DA:83,0
DA:84,0
DA:85,0
DA:86,0
DA:87,0
BRDA:87,7,0,-
DA:88,0
FNF:3
FNH:2
LF:44
LH:16
BRF:8
BRH:1
end_of_record
TN:
SF:src/diamond/ShardedDiamondLoupeFacet.sol
DA:25,9
FN:25,ShardedDiamondLoupeFacet.getStorage
FNDA:9,ShardedDiamondLoupeFacet.getStorage
DA:26,9
DA:28,0
DA:41,5
FN:41,ShardedDiamondLoupeFacet.facetAddress
FNDA:5,ShardedDiamondLoupeFacet.facetAddress
DA:42,5
DA:43,5
DA:49,11
FN:49,ShardedDiamondLoupeFacet.facetFunctionSelectors
FNDA:11,ShardedDiamondLoupeFacet.facetFunctionSelectors
DA:50,11
DA:51,11
BRDA:51,0,0,9
DA:52,9
DA:55,2
DA:56,2
DA:57,2
DA:58,2
DA:59,2
DA:61,2
DA:62,25
DA:63,25
BRDA:63,1,0,4
DA:64,4
DA:65,4
DA:70,0
DA:76,28
FN:76,ShardedDiamondLoupeFacet.facetAddresses
FNDA:28,ShardedDiamondLoupeFacet.facetAddresses
DA:77,28
DA:80,28
BRDA:80,2,0,26
DA:81,26
DA:85,2
DA:89,26
FN:89,ShardedDiamondLoupeFacet._facetAddressesSharded
FNDA:26,ShardedDiamondLoupeFacet._facetAddressesSharded
DA:90,26
DA:91,26
DA:93,26
DA:94,26
DA:95,26
DA:98,26
DA:99,26
DA:100,26
DA:101,26
DA:102,26
BRDA:102,3,0,-
DA:103,0
DA:105,26
DA:106,26
DA:107,26
DA:108,2195
DA:110,0
DA:112,2195
DA:113,2195
DA:115,2195
DA:122,2
FN:122,ShardedDiamondLoupeFacet._facetAddressesTraditional
FNDA:2,ShardedDiamondLoupeFacet._facetAddressesTraditional
DA:123,2
DA:124,2
DA:125,2
DA:126,2
DA:128,2
DA:129,2
DA:130,2
DA:131,2
DA:132,2
DA:134,2
DA:135,25
DA:136,25
DA:137,25
DA:138,25
DA:139,25
DA:140,25
DA:141,15
BRDA:141,4,0,15
DA:142,15
DA:145,25
BRDA:145,5,0,10
DA:146,10
BRDA:146,6,0,10
DA:147,10
DA:148,10
DA:149,0
DA:151,10
DA:152,10
DA:155,0
DA:157,10
DA:158,10
DA:160,10
DA:165,0
DA:171,22
FN:171,ShardedDiamondLoupeFacet.facets
FNDA:22,ShardedDiamondLoupeFacet.facets
DA:172,22
DA:175,22
BRDA:175,7,0,22
DA:176,22
DA:180,0
DA:184,22
FN:184,ShardedDiamondLoupeFacet._facetsSharded
FNDA:22,ShardedDiamondLoupeFacet._facetsSharded
DA:185,22
DA:186,22
DA:188,22
DA:189,22
DA:190,22
DA:193,22
DA:194,22
DA:195,22
DA:196,22
DA:197,22
BRDA:197,8,0,-
DA:198,0
DA:200,22
DA:201,22
DA:202,22
DA:203,2173
DA:205,0
DA:207,2173
DA:208,2173
DA:211,2173
DA:218,0
FN:218,ShardedDiamondLoupeFacet._facetsTraditional
FNDA:0,ShardedDiamondLoupeFacet._facetsTraditional
DA:219,0
DA:220,0
DA:221,0
DA:222,0
DA:224,0
DA:225,0
DA:226,0
DA:227,0
DA:228,0
DA:229,0
DA:230,0
DA:232,0
DA:233,0
DA:234,0
DA:235,0
DA:236,0
DA:237,0
DA:238,0
DA:239,0
DA:241,0
DA:243,0
BRDA:243,9,0,-
DA:244,0
DA:245,0
DA:246,0
BRDA:246,10,0,-
DA:247,0
DA:248,0
DA:249,0
DA:251,0
DA:252,0
DA:255,0
DA:257,0
DA:258,0
DA:262,0
BRDA:262,11,0,-
DA:263,0
BRDA:263,12,0,-
DA:264,0
DA:265,0
DA:266,0
DA:268,0
DA:269,0
DA:272,0
DA:274,0
DA:276,0
DA:278,0
DA:279,0
DA:281,0
DA:283,0
DA:284,0
DA:286,0
DA:291,0
DA:292,0
DA:293,0
DA:295,0
DA:297,0
DA:298,0
FNF:9
FNH:8
LF:157
LH:92
BRF:13
BRH:7
end_of_record
TN:
SF:src/diamond/example/ExampleDiamond.sol
DA:30,0
FN:30,ExampleDiamond.constructor
FNDA:0,ExampleDiamond.constructor
DA:31,0
DA:40,0
DA:44,0
DA:50,0
DA:51,0
DA:54,0
FN:54,ExampleDiamond.fallback
FNDA:0,ExampleDiamond.fallback
DA:55,0
FNF:2
FNH:0
LF:8
LH:0
BRF:0
BRH:0
end_of_record
TN:
SF:src/diamond/experimental/IsolatedShardedLoupe.sol
DA:28,0
FN:28,IsolatedShardedLoupe._getIsolatedStorage
FNDA:0,IsolatedShardedLoupe._getIsolatedStorage
DA:29,0
DA:31,0
DA:43,0
FN:43,IsolatedShardedLoupe.facetAddress
FNDA:0,IsolatedShardedLoupe.facetAddress
DA:44,0
DA:45,0
DA:51,0
FN:51,IsolatedShardedLoupe.facetFunctionSelectors
FNDA:0,IsolatedShardedLoupe.facetFunctionSelectors
DA:52,0
DA:53,0
DA:58,0
FN:58,IsolatedShardedLoupe.facetAddresses
FNDA:0,IsolatedShardedLoupe.facetAddresses
DA:59,0
DA:60,0
DA:65,0
FN:65,IsolatedShardedLoupe.facets
FNDA:0,IsolatedShardedLoupe.facets
DA:66,0
DA:67,0
DA:68,0
DA:70,0
DA:71,0
DA:77,0
FN:77,IsolatedShardedLoupe._syncFromDiamond
FNDA:0,IsolatedShardedLoupe._syncFromDiamond
DA:78,0
DA:81,0
DA:87,0
DA:88,0
DA:89,0
DA:90,0
DA:91,0
FNF:6
FNH:0
LF:26
LH:0
BRF:0
BRH:0
end_of_record
TN:
SF:src/diamondTensors/SeedUtils.sol
DA:10,2094
FN:10,SeedUtils.tensorId
FNDA:2094,SeedUtils.tensorId
DA:15,2094
DA:19,36
FN:19,SeedUtils.computeSize
FNDA:36,SeedUtils.computeSize
DA:20,36
BRDA:20,0,0,-
DA:21,36
DA:22,36
DA:23,62
DA:24,62
BRDA:24,1,0,-
DA:26,62
DA:27,62
BRDA:27,2,0,-
DA:28,62
DA:33,0
FN:33,SeedUtils.flattenIndex
FNDA:0,SeedUtils.flattenIndex
DA:38,0
BRDA:38,3,0,-
DA:40,0
DA:41,0
DA:42,0
DA:43,0
DA:44,0
BRDA:44,4,0,-
DA:47,0
DA:48,0
FNF:3
FNH:2
LF:20
LH:11
BRF:5
BRH:0
end_of_record
TN:
SF:src/diamondTensors/TensorBatchFacet.sol
DA:16,2
FN:16,TensorBatchFacet.batchSet
FNDA:2,TensorBatchFacet.batchSet
DA:20,2
DA:21,2
BRDA:21,0,0,-
BRDA:21,0,1,-
DA:23,2
DA:25,2
DA:26,8
DA:27,8
BRDA:27,1,0,-
BRDA:27,1,1,-
DA:28,8
BRDA:28,2,0,-
BRDA:28,2,1,-
DA:29,8
BRDA:29,3,0,-
BRDA:29,3,1,-
DA:31,8
DA:39,2
FN:39,TensorBatchFacet.batchGet
FNDA:2,TensorBatchFacet.batchGet
DA:42,2
DA:43,2
DA:45,2
DA:47,2
DA:48,8
DA:49,8
FNF:2
FNH:2
LF:17
LH:17
BRF:8
BRH:0
end_of_record
TN:
SF:src/diamondTensors/TensorFactory.sol
DA:7,0
FN:7,TensorFactory.tensorsOf
FNDA:0,TensorFactory.tensorsOf
DA:12,0
FNF:1
FNH:0
LF:2
LH:0
BRF:0
BRH:0
end_of_record
TN:
SF:src/diamondTensors/TensorManagerFacet.sol
DA:11,36
FN:11,TensorManagerFacet.createTensor
FNDA:36,TensorManagerFacet.createTensor
DA:17,36
DA:19,36
BRDA:19,0,0,-
BRDA:19,0,1,-
DA:21,36
DA:22,36
BRDA:22,1,0,-
BRDA:22,1,1,-
DA:24,36
DA:26,36
DA:27,36
DA:28,36
DA:29,36
DA:30,36
DA:31,36
DA:32,36
DA:33,36
DA:34,36
DA:36,36
DA:37,36
DA:38,62
DA:41,36
DA:43,36
DA:46,0
FN:46,TensorManagerFacet.destroyTensor
FNDA:0,TensorManagerFacet.destroyTensor
DA:47,0
DA:48,0
BRDA:48,2,0,-
BRDA:48,2,1,-
DA:49,0
BRDA:49,3,0,-
BRDA:49,3,1,-
DA:57,0
FNF:2
FNH:1
LF:25
LH:20
BRF:8
BRH:0
end_of_record
TN:
SF:src/diamondTensors/TensorMathFacet.sol
DA:23,1029
FN:23,TensorMathFacet.add
FNDA:1029,TensorMathFacet.add
DA:28,1029
DA:30,1029
DA:31,1029
DA:33,1029
BRDA:33,0,0,-
BRDA:33,0,1,-
DA:34,1029
BRDA:34,1,0,-
BRDA:34,1,1,-
DA:35,1029
BRDA:35,2,0,-
BRDA:35,2,1,-
DA:36,1029
BRDA:36,3,0,-
BRDA:36,3,1,-
DA:37,1029
BRDA:37,4,0,-
BRDA:37,4,1,-
DA:38,1029
BRDA:38,5,0,-
BRDA:38,5,1,-
DA:40,1029
DA:41,1029
DA:44,1029
DA:45,1029
DA:56,1029
DA:59,1029
DA:60,4116
DA:65,1029
DA:72,1028
FN:72,TensorMathFacet.scale
FNDA:1028,TensorMathFacet.scale
DA:77,1028
DA:79,1028
DA:80,1028
BRDA:80,6,0,-
BRDA:80,6,1,-
DA:81,1028
BRDA:81,7,0,-
BRDA:81,7,1,-
DA:83,1028
DA:84,1028
DA:86,1028
DA:87,1028
DA:98,1028
DA:100,1028
DA:101,4112
DA:104,1028
DA:111,1
FN:111,TensorMathFacet.dot
FNDA:1,TensorMathFacet.dot
DA:116,1
DA:118,1
DA:119,1
DA:121,1
BRDA:121,8,0,-
BRDA:121,8,1,-
DA:122,1
BRDA:122,9,0,-
BRDA:122,9,1,-
DA:123,1
BRDA:123,10,0,-
BRDA:123,10,1,-
DA:124,1
BRDA:124,11,0,-
BRDA:124,11,1,-
DA:125,1
BRDA:125,12,0,1
BRDA:125,12,1,1
DA:126,1
BRDA:126,13,0,-
BRDA:126,13,1,-
DA:128,1
DA:129,1
DA:131,1
DA:133,1
DA:134,1
DA:136,1
DA:137,1
DA:138,1
DA:139,1
DA:140,1
DA:141,1
DA:142,1
DA:143,1
DA:144,1
DA:146,1
DA:148,1
DA:149,1
DA:150,3
DA:153,1
DA:155,1
FNF:3
FNH:3
LF:61
LH:61
BRF:28
BRH:2
end_of_record
TN:
SF:src/diamondTensors/TensorReadFacet.sol
DA:9,0
FN:9,TensorReadFacet.meta
FNDA:0,TensorReadFacet.meta
DA:14,0
DA:17,6177
FN:17,TensorReadFacet.get
FNDA:6177,TensorReadFacet.get
DA:22,6177
DA:23,6177
DA:26,0
FN:26,TensorReadFacet.getAt
FNDA:0,TensorReadFacet.getAt
DA:30,0
DA:31,0
DA:32,0
DA:33,0
FNF:3
FNH:1
LF:10
LH:3
BRF:0
BRH:0
end_of_record
TN:
SF:src/diamondTensors/TensorStorage.sol
DA:126,13509
FN:126,TensorStorage.layout
FNDA:13509,TensorStorage.layout
DA:127,13509
DA:129,0
FNF:1
FNH:1
LF:3
LH:2
BRF:0
BRH:0
end_of_record
TN:
SF:src/diamondTensors/TensorWriteFacet.sol
DA:11,5206
FN:11,TensorWriteFacet.set
FNDA:5206,TensorWriteFacet.set
DA:16,5206
DA:17,5206
BRDA:17,0,0,-
BRDA:17,0,1,-
DA:18,5206
BRDA:18,1,0,-
BRDA:18,1,1,-
DA:19,5206
BRDA:19,2,0,-
BRDA:19,2,1,-
DA:21,5206
DA:22,5206
DA:25,0
FN:25,TensorWriteFacet.setAt
FNDA:0,TensorWriteFacet.setAt
DA:30,0
DA:31,0
BRDA:31,3,0,-
BRDA:31,3,1,-
DA:32,0
BRDA:32,4,0,-
BRDA:32,4,1,-
DA:33,0
BRDA:33,5,0,-
BRDA:33,5,1,-
DA:35,0
DA:36,0
DA:38,0
DA:39,0
FNF:2
FNH:1
LF:16
LH:7
BRF:12
BRH:0
end_of_record
TN:
SF:src/diamondTensors/backends/TensorPackedU8Facet.sol
DA:18,1
FN:18,TensorPackedU8Facet.writePackedU8
FNDA:1,TensorPackedU8Facet.writePackedU8
DA:19,1
DA:20,1
DA:22,1
BRDA:22,0,0,-
BRDA:22,0,1,-
DA:23,1
BRDA:23,1,0,-
BRDA:23,1,1,-
DA:24,1
BRDA:24,2,0,-
BRDA:24,2,1,-
DA:25,1
BRDA:25,3,0,-
BRDA:25,3,1,-
DA:26,1
BRDA:26,4,0,-
BRDA:26,4,1,-
DA:28,1
DA:29,1
DA:32,0
DA:34,0
DA:35,0
DA:36,0
DA:37,0
DA:38,0
DA:39,0
DA:40,0
DA:41,0
DA:42,0
DA:43,0
DA:47,1
DA:49,1
DA:53,0
FN:53,TensorPackedU8Facet.readPackedU8
FNDA:0,TensorPackedU8Facet.readPackedU8
DA:58,0
DA:59,0
BRDA:59,5,0,-
BRDA:59,5,1,-
DA:61,0
DA:62,0
DA:64,0
DA:65,0
DA:67,0
DA:68,0
DA:70,0
DA:75,0
FN:75,TensorPackedU8Facet.packedU8WordCount
FNDA:0,TensorPackedU8Facet.packedU8WordCount
DA:80,0
FNF:3
FNH:1
LF:35
LH:12
BRF:12
BRH:0
end_of_record
TN:
SF:src/diamondTensors/backends/TensorPayload.sol
DA:11,1
FN:11,TensorPayload.chunkBytes
FNDA:1,TensorPayload.chunkBytes
DA:12,1
DA:15,23743
FN:15,TensorPayload.hasPayload
FNDA:23743,TensorPayload.hasPayload
DA:20,23743
DA:23,23750
FN:23,TensorPayload.hasPackedU8
FNDA:23750,TensorPayload.hasPackedU8
DA:28,23750
DA:31,0
FN:31,TensorPayload.payloadLength
FNDA:0,TensorPayload.payloadLength
DA:36,0
DA:37,0
DA:38,0
BRDA:38,0,0,-
BRDA:38,0,1,-
DA:39,0
DA:42,18535
FN:42,TensorPayload.readValue
FNDA:18535,TensorPayload.readValue
DA:47,18535
DA:48,18535
BRDA:48,1,0,-
DA:49,0
DA:52,18535
BRDA:52,2,0,8
DA:53,8
DA:56,18527
BRDA:56,3,0,18519
DA:57,18519
DA:60,8
DA:61,8
DA:62,8
DA:63,8
DA:64,8
BRDA:64,4,0,-
BRDA:64,4,1,-
DA:66,8
DA:67,8
DA:69,0
DA:71,8
BRDA:71,5,0,-
BRDA:71,5,1,-
DA:74,0
DA:75,0
DA:76,0
DA:80,8
FN:80,TensorPayload.readPackedU8Value
FNDA:8,TensorPayload.readPackedU8Value
DA:87,8
BRDA:87,6,0,-
DA:88,0
DA:91,8
DA:92,8
DA:94,8
DA:95,8
BRDA:95,7,0,-
DA:96,0
DA:99,8
DA:100,8
DA:101,8
DA:102,8
DA:105,0
FN:105,TensorPayload.readPayload
FNDA:0,TensorPayload.readPayload
DA:109,0
DA:110,0
DA:113,0
FN:113,TensorPayload.readPayloadAt
FNDA:0,TensorPayload.readPayloadAt
DA:119,0
DA:120,0
BRDA:120,8,0,-
BRDA:120,8,1,-
DA:122,0
DA:123,0
BRDA:123,9,0,-
BRDA:123,9,1,-
DA:124,0
BRDA:124,10,0,-
BRDA:124,10,1,-
DA:126,0
DA:127,0
DA:128,0
DA:129,0
DA:131,0
DA:132,0
DA:133,0
DA:134,0
BRDA:134,11,0,-
BRDA:134,11,1,-
DA:136,0
DA:137,0
DA:139,0
DA:141,0
BRDA:141,12,0,-
BRDA:141,12,1,-
DA:143,0
DA:144,0
DA:147,0
DA:155,0
DA:156,0
DA:157,0
FNF:8
FNH:5
LF:70
LH:31
BRF:21
BRH:2
end_of_record
TN:
SF:src/diamondTensors/backends/TensorPayloadMod.sol
DA:11,0
FN:11,TensorPayloadMod.chunkBytes
FNDA:0,TensorPayloadMod.chunkBytes
DA:12,0
DA:15,12
FN:15,TensorPayloadMod.hasPayload
FNDA:12,TensorPayloadMod.hasPayload
DA:20,12
DA:23,16
FN:23,TensorPayloadMod.hasPackedU8
FNDA:16,TensorPayloadMod.hasPackedU8
DA:28,16
DA:31,0
FN:31,TensorPayloadMod.payloadLength
FNDA:0,TensorPayloadMod.payloadLength
DA:36,0
DA:37,0
DA:38,0
BRDA:38,0,0,-
BRDA:38,0,1,-
DA:39,0
DA:42,16
FN:42,TensorPayloadMod.readValue
FNDA:16,TensorPayloadMod.readValue
DA:47,16
DA:48,16
BRDA:48,1,0,-
DA:49,0
DA:52,16
BRDA:52,2,0,4
DA:53,4
DA:56,12
BRDA:56,3,0,8
DA:57,8
DA:60,4
DA:61,4
DA:62,4
DA:63,4
DA:64,4
BRDA:64,4,0,-
BRDA:64,4,1,-
DA:66,4
DA:67,4
DA:69,0
DA:71,4
BRDA:71,5,0,-
BRDA:71,5,1,-
DA:74,0
DA:75,0
DA:76,0
DA:80,4
FN:80,TensorPayloadMod.readPackedU8Value
FNDA:4,TensorPayloadMod.readPackedU8Value
DA:87,4
BRDA:87,6,0,-
DA:88,0
DA:91,4
DA:92,4
DA:94,4
DA:95,4
BRDA:95,7,0,-
DA:96,0
DA:99,4
DA:100,4
DA:101,4
DA:102,4
DA:105,0
FN:105,TensorPayloadMod.readPayload
FNDA:0,TensorPayloadMod.readPayload
DA:109,0
DA:110,0
DA:113,0
FN:113,TensorPayloadMod.readPayloadAt
FNDA:0,TensorPayloadMod.readPayloadAt
DA:119,0
DA:120,0
BRDA:120,8,0,-
BRDA:120,8,1,-
DA:122,0
DA:123,0
BRDA:123,9,0,-
BRDA:123,9,1,-
DA:124,0
BRDA:124,10,0,-
BRDA:124,10,1,-
DA:126,0
DA:127,0
DA:128,0
DA:129,0
DA:131,0
DA:132,0
DA:133,0
DA:134,0
BRDA:134,11,0,-
BRDA:134,11,1,-
DA:136,0
DA:137,0
DA:139,0
DA:141,0
BRDA:141,12,0,-
BRDA:141,12,1,-
DA:143,0
DA:144,0
DA:147,0
DA:155,0
DA:156,0
DA:157,0
FNF:8
FNH:4
LF:70
LH:29
BRF:21
BRH:2
end_of_record
TN:
SF:src/diamondTensors/backends/TensorSSTORE2Facet.sol
DA:18,1
FN:18,TensorSSTORE2Facet.writeTensor
FNDA:1,TensorSSTORE2Facet.writeTensor
DA:19,1
DA:20,1
DA:22,1
BRDA:22,0,0,-
BRDA:22,0,1,-
DA:23,1
BRDA:23,1,0,-
BRDA:23,1,1,-
DA:24,1
BRDA:24,2,0,-
BRDA:24,2,1,-
DA:25,1
BRDA:25,3,0,-
BRDA:25,3,1,-
DA:27,1
DA:28,1
BRDA:28,4,0,1
BRDA:28,4,1,1
DA:29,1
BRDA:29,5,0,-
BRDA:29,5,1,-
DA:31,0
DA:32,1
DA:33,1
DA:35,2
DA:36,1
DA:37,1
BRDA:37,6,0,-
DA:38,0
DA:41,1
DA:42,1
DA:43,1
DA:44,1
DA:47,1
DA:54,0
FN:54,TensorSSTORE2Facet.readTensor
FNDA:0,TensorSSTORE2Facet.readTensor
DA:55,0
DA:56,0
DA:59,0
FN:59,TensorSSTORE2Facet.readAt
FNDA:0,TensorSSTORE2Facet.readAt
DA:64,0
DA:65,0
DA:68,0
FN:68,TensorSSTORE2Facet.payloadChunkCount
FNDA:0,TensorSSTORE2Facet.payloadChunkCount
DA:73,0
DA:76,0
FN:76,TensorSSTORE2Facet.payloadChunkAt
FNDA:0,TensorSSTORE2Facet.payloadChunkAt
DA:81,0
DA:84,0
FN:84,TensorSSTORE2Facet.payloadChunkBytes
FNDA:0,TensorSSTORE2Facet.payloadChunkBytes
DA:85,0
DA:88,1
FN:88,TensorSSTORE2Facet._sliceCalldata
FNDA:1,TensorSSTORE2Facet._sliceCalldata
DA:93,1
DA:95,0
DA:102,1
FN:102,TensorSSTORE2Data.constructor
FNDA:1,TensorSSTORE2Data.constructor
DA:104,0
FNF:8
FNH:3
LF:39
LH:23
BRF:13
BRH:2
end_of_record
TN:
SF:src/diamondTensors/components/CapsuleDiamondFacet.sol
DA:26,1
FN:26,CapsuleDiamondFacet.onlyOwner
FNDA:1,CapsuleDiamondFacet.onlyOwner
DA:27,1
BRDA:27,0,0,-
BRDA:27,0,1,-
DA:31,3
FN:31,CapsuleDiamondFacet.constructor
FNDA:3,CapsuleDiamondFacet.constructor
DA:32,3
DA:33,3
DA:36,0
FN:36,CapsuleDiamondFacet.setVerifier
FNDA:0,CapsuleDiamondFacet.setVerifier
DA:37,0
DA:38,0
DA:43,6
FN:43,CapsuleDiamondFacet.submitCapsule
FNDA:6,CapsuleDiamondFacet.submitCapsule
DA:44,6
BRDA:44,1,0,-
BRDA:44,1,1,-
DA:45,6
BRDA:45,2,0,-
BRDA:45,2,1,-
DA:46,5
BRDA:46,3,0,-
BRDA:46,3,1,-
DA:47,3
BRDA:47,4,0,-
BRDA:47,4,1,-
DA:49,3
DA:50,3
BRDA:50,5,0,-
BRDA:50,5,1,-
DA:52,3
DA:53,3
DA:54,0
DA:59,0
FN:59,CapsuleDiamondFacet.matmul2x2
FNDA:0,CapsuleDiamondFacet.matmul2x2
DA:61,0
DA:63,0
DA:65,0
DA:67,0
FNF:5
FNH:3
LF:23
LH:14
BRF:12
BRH:0
end_of_record
TN:
SF:src/diamondTensors/components/CapsuleFacet.sol
DA:31,4
FN:31,CapsuleFacet.freezeTensor
FNDA:4,CapsuleFacet.freezeTensor
DA:36,4
DA:37,4
DA:39,4
BRDA:39,0,0,-
BRDA:39,0,1,-
DA:40,4
BRDA:40,1,0,-
BRDA:40,1,1,-
DA:42,4
DA:49,4
FN:49,CapsuleFacet._computeCapsuleRoot
FNDA:4,CapsuleFacet._computeCapsuleRoot
DA:53,4
DA:55,4
DA:68,4
DA:69,16
DA:78,0
DA:87,0
FN:87,CapsuleFacet.emitCapsule
FNDA:0,CapsuleFacet.emitCapsule
DA:88,0
DA:89,0
DA:91,0
BRDA:91,2,0,-
BRDA:91,2,1,-
DA:92,0
BRDA:92,3,0,-
BRDA:92,3,1,-
DA:94,0
DA:96,0
FNF:3
FNH:2
LF:19
LH:11
BRF:8
BRH:0
end_of_record
TN:
SF:src/diamondTensors/components/CapsuleMod.sol
DA:26,0
FN:26,LibCapsuleStorage.layout
FNDA:0,LibCapsuleStorage.layout
DA:27,0
DA:29,0
FNF:1
FNH:0
LF:3
LH:0
BRF:0
BRH:0
end_of_record
TN:
SF:src/diamondTensors/components/CapsuleRegistryFacet.sol
DA:24,3
FN:24,CapsuleRegistryFacet.registerCapsule
FNDA:3,CapsuleRegistryFacet.registerCapsule
DA:28,3
DA:29,3
BRDA:29,0,0,-
BRDA:29,0,1,-
DA:30,3
BRDA:30,1,0,-
BRDA:30,1,1,-
DA:32,2
DA:33,2
DA:35,2
DA:42,2
DA:44,2
DA:57,1
FN:57,CapsuleRegistryFacet.capsuleCount
FNDA:1,CapsuleRegistryFacet.capsuleCount
DA:62,1
DA:65,1
FN:65,CapsuleRegistryFacet.capsuleAt
FNDA:1,CapsuleRegistryFacet.capsuleAt
DA:70,1
DA:73,2
FN:73,CapsuleRegistryFacet.latestCapsule
FNDA:2,CapsuleRegistryFacet.latestCapsule
DA:78,2
DA:79,2
DA:80,2
BRDA:80,2,0,-
BRDA:80,2,1,-
DA:81,2
FNF:4
FNH:4
LF:18
LH:18
BRF:6
BRH:0
end_of_record
TN:
SF:src/diamondTensors/components/LibCapsule.sol
DA:27,0
FN:27,LibCapsuleStorage.layout
FNDA:0,LibCapsuleStorage.layout
DA:28,0
DA:30,0
FNF:1
FNH:0
LF:3
LH:0
BRF:0
BRH:0
end_of_record
TN:
SF:src/diamondTensors/components/NFTBindingFacet.sol
DA:40,288
FN:40,NFTBindingFacet.bindNFT
FNDA:288,NFTBindingFacet.bindNFT
DA:46,288
DA:48,3
DA:49,3
BRDA:49,0,0,-
BRDA:49,0,1,-
DA:51,288
DA:52,3
BRDA:52,1,0,-
BRDA:52,1,1,-
DA:54,3
DA:55,3
DA:56,3
DA:57,3
DA:58,288
DA:60,288
DA:68,2
FN:68,NFTBindingFacet.rebindNFT
FNDA:2,NFTBindingFacet.rebindNFT
DA:73,2
DA:75,2
DA:76,2
DA:77,2
BRDA:77,2,0,-
BRDA:77,2,1,-
DA:78,2
BRDA:78,3,0,-
BRDA:78,3,1,-
DA:80,2
BRDA:80,4,0,-
BRDA:80,4,1,-
DA:82,2
DA:83,1
DA:85,2
DA:88,2
FN:88,NFTBindingFacet.unbindNFT
FNDA:2,NFTBindingFacet.unbindNFT
DA:89,2
DA:91,2
DA:92,2
DA:93,2
BRDA:93,5,0,-
BRDA:93,5,1,-
DA:94,2
BRDA:94,6,0,-
BRDA:94,6,1,-
DA:96,1
DA:99,1
DA:106,1
FN:106,NFTBindingFacet.getBinding
FNDA:1,NFTBindingFacet.getBinding
DA:111,1
DA:114,3
FN:114,NFTBindingFacet.tensorOf
FNDA:3,NFTBindingFacet.tensorOf
DA:119,3
DA:126,292
FN:126,NFTBindingFacet._requireNFTOwner
FNDA:292,NFTBindingFacet._requireNFTOwner
DA:127,292
BRDA:127,7,0,273
BRDA:127,7,1,-
FNF:6
FNH:6
LF:36
LH:36
BRF:16
BRH:1
end_of_record
TN:
SF:src/diamondTensors/mocks/MaliciousERC721.sol
DA:14,1
FN:14,MaliciousERC721.mint
FNDA:1,MaliciousERC721.mint
DA:15,1
BRDA:15,0,0,-
BRDA:15,0,1,-
DA:16,1
BRDA:16,1,0,-
BRDA:16,1,1,-
DA:17,1
DA:18,1
DA:21,1
FN:21,MaliciousERC721.setReenter
FNDA:1,MaliciousERC721.setReenter
DA:26,1
DA:27,1
DA:28,1
DA:31,284
FN:31,MaliciousERC721.ownerOf
FNDA:284,MaliciousERC721.ownerOf
DA:32,284
BRDA:32,2,0,284
DA:33,284
DA:34,284
BRDA:34,3,0,-
BRDA:34,3,1,-
DA:37,284
DA:38,268
BRDA:38,4,0,-
BRDA:38,4,1,-
DA:39,0
FNF:3
FNH:3
LF:16
LH:15
BRF:9
BRH:1
end_of_record
TN:
SF:src/diamondTensors/mocks/MaliciousVerifier.sol
DA:10,1
FN:10,MaliciousVerifier.setReenter
FNDA:1,MaliciousVerifier.setReenter
DA:15,1
DA:16,1
DA:17,1
DA:20,1
FN:20,MaliciousVerifier.verify
FNDA:1,MaliciousVerifier.verify
DA:25,1
BRDA:25,0,0,1
DA:26,1
DA:27,1
BRDA:27,1,0,-
BRDA:27,1,1,-
DA:29,0
FNF:2
FNH:2
LF:9
LH:8
BRF:3
BRH:1
end_of_record
TN:
SF:src/diamondTensors/mocks/MockERC721.sol
DA:10,9
FN:10,MockERC721.mint
FNDA:9,MockERC721.mint
DA:11,9
BRDA:11,0,0,-
BRDA:11,0,1,-
DA:12,9
BRDA:12,1,0,-
BRDA:12,1,1,-
DA:13,9
DA:14,9
DA:17,7
FN:17,MockERC721.ownerOf
FNDA:7,MockERC721.ownerOf
DA:18,7
DA:19,7
BRDA:19,2,0,-
BRDA:19,2,1,-
DA:20,0
FNF:2
FNH:2
LF:9
LH:8
BRF:6
BRH:0
end_of_record
TN:
SF:src/diamondTensors/mocks/MockProofVerifier.sol
DA:8,2
FN:8,MockProofVerifier.setResult
FNDA:2,MockProofVerifier.setResult
DA:9,2
DA:12,2
FN:12,MockProofVerifier.verify
FNDA:2,MockProofVerifier.verify
DA:17,2
FNF:2
FNH:2
LF:4
LH:4
BRF:0
BRH:0
end_of_record
TN:
SF:src/interfaceDetection/ERC165/ERC165Facet.sol
DA:54,14047
FN:54,ERC165Facet.getStorage
FNDA:14047,ERC165Facet.getStorage
DA:55,14047
DA:57,0
DA:68,7158
FN:68,ERC165Facet.supportsInterface
FNDA:7158,ERC165Facet.supportsInterface
DA:69,7158
DA:75,7158
BRDA:75,0,0,519
DA:76,519
DA:79,6639
FNF:2
FNH:2
LF:8
LH:7
BRF:1
BRH:1
end_of_record
TN:
SF:src/libraries/LibBlob.sol
DA:16,2223
FN:16,LibBlob.write
FNDA:2223,LibBlob.write
DA:17,2223
DA:18,2223
BRDA:18,0,0,-
DA:19,0
DA:25,2223
DA:27,0
DA:29,2223
BRDA:29,1,0,-
DA:30,0
DA:37,2246
FN:37,LibBlob.read
FNDA:2246,LibBlob.read
DA:38,2246
DA:40,0
DA:42,2246
DA:44,0
FNF:2
FNH:2
LF:13
LH:8
BRF:2
BRH:0
end_of_record
TN:
SF:src/token/ERC1155/ERC1155Facet.sol
DA:174,1790
FN:174,ERC1155Facet.getStorage
FNDA:1790,ERC1155Facet.getStorage
DA:175,1790
DA:177,0
DA:190,2
FN:190,ERC1155Facet.uri
FNDA:2,ERC1155Facet.uri
DA:191,2
DA:192,2
DA:194,2
DA:203,571
FN:203,ERC1155Facet.balanceOf
FNDA:571,ERC1155Facet.balanceOf
DA:204,571
DA:213,6
FN:213,ERC1155Facet.balanceOfBatch
FNDA:6,ERC1155Facet.balanceOfBatch
DA:218,6
BRDA:218,0,0,1
DA:219,1
DA:222,5
DA:223,5
DA:225,5
DA:226,10
DA:236,265
FN:236,ERC1155Facet.setApprovalForAll
FNDA:265,ERC1155Facet.setApprovalForAll
DA:237,265
BRDA:237,1,0,1
DA:238,1
DA:240,264
DA:241,264
DA:250,259
FN:250,ERC1155Facet.isApprovedForAll
FNDA:259,ERC1155Facet.isApprovedForAll
DA:251,259
DA:263,277
FN:263,ERC1155Facet.safeTransferFrom
FNDA:277,ERC1155Facet.safeTransferFrom
DA:264,277
BRDA:264,2,0,1
DA:265,1
DA:267,276
BRDA:267,3,0,1
DA:268,1
DA:271,275
DA:276,275
BRDA:276,4,0,2
DA:277,2
DA:280,273
DA:282,273
BRDA:282,5,0,2
DA:283,2
DA:287,271
DA:289,271
DA:291,271
DA:293,271
BRDA:293,6,0,7
DA:294,7
BRDA:294,7,0,7
DA:297,3
BRDA:297,8,0,1
DA:298,1
DA:300,4
BRDA:300,7,1,4
DA:301,4
BRDA:301,9,0,1
BRDA:301,9,1,3
DA:302,1
DA:305,0
DA:321,18
FN:321,ERC1155Facet.safeBatchTransferFrom
FNDA:18,ERC1155Facet.safeBatchTransferFrom
DA:328,18
BRDA:328,10,0,1
DA:329,1
DA:331,17
BRDA:331,11,0,1
DA:332,1
DA:334,16
BRDA:334,12,0,1
DA:335,1
DA:338,15
DA:343,15
BRDA:343,13,0,1
DA:344,1
DA:347,14
DA:348,23
DA:349,23
DA:350,23
DA:352,23
BRDA:352,14,0,1
DA:353,1
DA:357,22
DA:359,22
DA:362,13
DA:364,13
BRDA:364,15,0,7
DA:365,7
BRDA:365,16,0,7
DA:368,3
BRDA:368,17,0,1
DA:369,1
DA:371,4
BRDA:371,16,1,4
DA:372,4
BRDA:372,18,0,1
BRDA:372,18,1,3
DA:373,1
DA:376,0
FNF:8
FNH:8
LF:72
LH:69
BRF:23
BRH:23
end_of_record
TN:
SF:src/token/ERC20/Approve/ERC20ApproveFacet.sol
DA:43,512
FN:43,ERC20ApproveFacet.getStorage
FNDA:512,ERC20ApproveFacet.getStorage
DA:44,512
DA:46,0
DA:57,512
FN:57,ERC20ApproveFacet.approve
FNDA:512,ERC20ApproveFacet.approve
DA:58,512
DA:59,512
BRDA:59,0,0,256
DA:60,256
DA:62,256
DA:63,256
DA:64,256
FNF:2
FNH:2
LF:10
LH:9
BRF:1
BRH:1
end_of_record
TN:
SF:src/token/ERC20/Bridgeable/ERC20BridgeableFacet.sol
DA:99,0
FN:99,ERC20BridgeableFacet.getERC20Storage
FNDA:0,ERC20BridgeableFacet.getERC20Storage
DA:100,0
DA:102,0
DA:127,0
FN:127,ERC20BridgeableFacet.getAccessControlStorage
FNDA:0,ERC20BridgeableFacet.getAccessControlStorage
DA:128,0
DA:130,0
DA:139,0
FN:139,ERC20BridgeableFacet.crosschainMint
FNDA:0,ERC20BridgeableFacet.crosschainMint
DA:140,0
DA:142,0
DA:147,0
BRDA:147,0,0,-
DA:148,0
DA:151,0
BRDA:151,1,0,-
DA:152,0
DA:156,0
DA:157,0
DA:159,0
DA:160,0
DA:168,0
FN:168,ERC20BridgeableFacet.crosschainBurn
FNDA:0,ERC20BridgeableFacet.crosschainBurn
DA:169,0
DA:171,0
DA:176,0
BRDA:176,2,0,-
DA:177,0
DA:179,0
BRDA:179,3,0,-
DA:180,0
DA:183,0
DA:185,0
BRDA:185,4,0,-
DA:186,0
DA:190,0
DA:191,0
DA:194,0
DA:195,0
DA:203,0
FN:203,ERC20BridgeableFacet.checkTokenBridge
FNDA:0,ERC20BridgeableFacet.checkTokenBridge
DA:204,0
DA:206,0
BRDA:206,5,0,-
DA:207,0
DA:210,0
BRDA:210,6,0,-
DA:211,0
FNF:5
FNH:0
LF:37
LH:0
BRF:7
BRH:0
end_of_record
TN:
SF:src/token/ERC20/Burn/ERC20BurnFacet.sol
DA:54,0
FN:54,ERC20BurnFacet.getStorage
FNDA:0,ERC20BurnFacet.getStorage
DA:55,0
DA:57,0
DA:66,0
FN:66,ERC20BurnFacet.burnERC20
FNDA:0,ERC20BurnFacet.burnERC20
DA:67,0
DA:68,0
DA:69,0
BRDA:69,0,0,-
DA:70,0
DA:73,0
DA:74,0
DA:76,0
DA:85,0
FN:85,ERC20BurnFacet.burnERC20From
FNDA:0,ERC20BurnFacet.burnERC20From
DA:86,0
DA:87,0
DA:88,0
BRDA:88,1,0,-
DA:89,0
DA:91,0
DA:92,0
BRDA:92,2,0,-
DA:93,0
DA:96,0
BRDA:96,3,0,-
DA:97,0
DA:99,0
DA:100,0
DA:102,0
FNF:3
FNH:0
LF:24
LH:0
BRF:4
BRH:0
end_of_record
TN:
SF:src/token/ERC20/Data/ERC20DataFacet.sol
DA:29,0
FN:29,ERC20DataFacet.getStorage
FNDA:0,ERC20DataFacet.getStorage
DA:30,0
DA:32,0
DA:40,0
FN:40,ERC20DataFacet.totalSupply
FNDA:0,ERC20DataFacet.totalSupply
DA:41,0
DA:49,0
FN:49,ERC20DataFacet.balanceOf
FNDA:0,ERC20DataFacet.balanceOf
DA:50,0
DA:59,0
FN:59,ERC20DataFacet.allowance
FNDA:0,ERC20DataFacet.allowance
DA:60,0
FNF:4
FNH:0
LF:9
LH:0
BRF:0
BRH:0
end_of_record
TN:
SF:src/token/ERC20/Metadata/ERC20MetadataFacet.sol
DA:29,0
FN:29,ERC20MetadataFacet.getStorage
FNDA:0,ERC20MetadataFacet.getStorage
DA:30,0
DA:32,0
DA:40,0
FN:40,ERC20MetadataFacet.name
FNDA:0,ERC20MetadataFacet.name
DA:41,0
DA:48,0
FN:48,ERC20MetadataFacet.symbol
FNDA:0,ERC20MetadataFacet.symbol
DA:49,0
DA:56,0
FN:56,ERC20MetadataFacet.decimals
FNDA:0,ERC20MetadataFacet.decimals
DA:57,0
FNF:4
FNH:0
LF:9
LH:0
BRF:0
BRH:0
end_of_record
TN:
SF:src/token/ERC20/Permit/ERC20PermitFacet.sol
DA:46,0
FN:46,ERC20PermitFacet.getERC20MetadataStorage
FNDA:0,ERC20PermitFacet.getERC20MetadataStorage
DA:47,0
DA:49,0
DA:64,0
FN:64,ERC20PermitFacet.getERC20Storage
FNDA:0,ERC20PermitFacet.getERC20Storage
DA:65,0
DA:67,0
DA:80,0
FN:80,ERC20PermitFacet.getStorage
FNDA:0,ERC20PermitFacet.getStorage
DA:81,0
DA:83,0
DA:93,0
FN:93,ERC20PermitFacet.nonces
FNDA:0,ERC20PermitFacet.nonces
DA:94,0
DA:102,0
FN:102,ERC20PermitFacet.DOMAIN_SEPARATOR
FNDA:0,ERC20PermitFacet.DOMAIN_SEPARATOR
DA:103,0
DA:125,0
FN:125,ERC20PermitFacet.permit
FNDA:0,ERC20PermitFacet.permit
DA:134,0
BRDA:134,0,0,-
DA:135,0
DA:137,0
BRDA:137,1,0,-
DA:138,0
DA:141,0
DA:142,0
DA:143,0
DA:144,0
DA:155,0
DA:171,0
DA:172,0
BRDA:172,2,0,-
DA:173,0
DA:176,0
DA:177,0
DA:178,0
FNF:6
FNH:0
LF:29
LH:0
BRF:3
BRH:0
end_of_record
TN:
SF:src/token/ERC20/Transfer/ERC20TransferFacet.sol
DA:71,2816
FN:71,ERC20TransferFacet.getStorage
FNDA:2816,ERC20TransferFacet.getStorage
DA:72,2816
DA:74,0
DA:85,1024
FN:85,ERC20TransferFacet.transfer
FNDA:1024,ERC20TransferFacet.transfer
DA:86,1024
DA:87,1024
BRDA:87,0,0,256
DA:88,256
DA:90,768
DA:91,768
BRDA:91,1,0,256
DA:92,256
DA:95,512
DA:97,512
DA:98,512
DA:99,512
DA:110,1792
FN:110,ERC20TransferFacet.transferFrom
FNDA:1792,ERC20TransferFacet.transferFrom
DA:111,1792
DA:112,1792
BRDA:112,2,0,256
DA:113,256
DA:115,1536
BRDA:115,3,0,256
DA:116,256
DA:118,1280
DA:119,1280
BRDA:119,4,0,256
DA:120,256
DA:122,1024
DA:123,1024
BRDA:123,5,0,256
DA:124,256
DA:127,768
BRDA:127,6,0,512
DA:128,512
DA:130,768
DA:132,768
DA:133,768
DA:134,768
FNF:3
FNH:3
LF:32
LH:31
BRF:7
BRH:7
end_of_record
TN:
SF:src/token/ERC6909/ERC6909/ERC6909Facet.sol
DA:74,14867
FN:74,ERC6909Facet.getStorage
FNDA:14867,ERC6909Facet.getStorage
DA:75,14867
DA:77,0
DA:87,4355
FN:87,ERC6909Facet.balanceOf
FNDA:4355,ERC6909Facet.balanceOf
DA:88,4355
DA:98,1537
FN:98,ERC6909Facet.allowance
FNDA:1537,ERC6909Facet.allowance
DA:99,1537
DA:108,258
FN:108,ERC6909Facet.isOperator
FNDA:258,ERC6909Facet.isOperator
DA:109,258
DA:119,1028
FN:119,ERC6909Facet.transfer
FNDA:1028,ERC6909Facet.transfer
DA:120,1028
BRDA:120,0,0,257
DA:121,257
DA:124,771
DA:126,771
DA:128,771
BRDA:128,1,0,1
DA:129,1
DA:133,770
DA:136,770
DA:138,769
DA:140,769
DA:151,2304
FN:151,ERC6909Facet.transferFrom
FNDA:2304,ERC6909Facet.transferFrom
DA:152,2304
BRDA:152,2,0,-
DA:153,0
DA:156,2304
BRDA:156,3,0,256
DA:157,256
DA:160,2048
DA:162,2048
BRDA:162,4,0,1536
DA:163,1536
DA:164,1536
BRDA:164,5,0,1024
DA:165,1024
BRDA:165,6,0,256
DA:166,256
DA:169,768
DA:174,1792
DA:175,1792
BRDA:175,7,0,256
DA:176,256
DA:179,1536
DA:182,1536
DA:184,1536
DA:186,1536
DA:196,2050
FN:196,ERC6909Facet.approve
FNDA:2050,ERC6909Facet.approve
DA:197,2050
BRDA:197,8,0,1
DA:198,1
DA:201,2049
DA:203,2049
DA:205,2049
DA:207,2049
DA:216,516
FN:216,ERC6909Facet.setOperator
FNDA:516,ERC6909Facet.setOperator
DA:217,516
BRDA:217,9,0,1
DA:218,1
DA:221,515
DA:223,515
DA:225,515
DA:227,515
FNF:8
FNH:8
LF:53
LH:51
BRF:10
BRH:9
end_of_record
TN:
SF:src/token/ERC721/Approve/ERC721ApproveFacet.sol
DA:54,0
FN:54,ERC721ApproveFacet.getStorage
FNDA:0,ERC721ApproveFacet.getStorage
DA:55,0
DA:57,0
DA:66,0
FN:66,ERC721ApproveFacet.approve
FNDA:0,ERC721ApproveFacet.approve
DA:67,0
DA:68,0
DA:69,0
BRDA:69,0,0,-
DA:70,0
DA:72,0
BRDA:72,1,0,-
DA:73,0
DA:75,0
DA:76,0
DA:84,0
FN:84,ERC721ApproveFacet.setApprovalForAll
FNDA:0,ERC721ApproveFacet.setApprovalForAll
DA:85,0
BRDA:85,2,0,-
DA:86,0
DA:88,0
DA:89,0
FNF:3
FNH:0
LF:17
LH:0
BRF:3
BRH:0
end_of_record
TN:
SF:src/token/ERC721/Burn/ERC721BurnFacet.sol
DA:46,0
FN:46,ERC721BurnFacet.getStorage
FNDA:0,ERC721BurnFacet.getStorage
DA:47,0
DA:49,0
DA:57,0
FN:57,ERC721BurnFacet.burnERC721
FNDA:0,ERC721BurnFacet.burnERC721
DA:58,0
DA:59,0
DA:60,0
BRDA:60,0,0,-
DA:61,0
DA:63,0
BRDA:63,1,0,-
DA:64,0
BRDA:64,2,0,-
DA:65,0
DA:69,0
DA:73,0
DA:80,0
FN:80,ERC721BurnFacet.burnERC721s
FNDA:0,ERC721BurnFacet.burnERC721s
DA:81,0
DA:82,0
DA:83,0
DA:84,0
DA:85,0
BRDA:85,3,0,-
DA:86,0
DA:88,0
BRDA:88,4,0,-
DA:89,0
BRDA:89,5,0,-
DA:90,0
DA:94,0
DA:98,0
FNF:3
FNH:0
LF:25
LH:0
BRF:6
BRH:0
end_of_record
TN:
SF:src/token/ERC721/Data/ERC721DataFacet.sol
DA:39,0
FN:39,ERC721DataFacet.getStorage
FNDA:0,ERC721DataFacet.getStorage
DA:40,0
DA:42,0
DA:51,0
FN:51,ERC721DataFacet.balanceOf
FNDA:0,ERC721DataFacet.balanceOf
DA:52,0
BRDA:52,0,0,-
DA:53,0
DA:55,0
DA:63,0
FN:63,ERC721DataFacet.ownerOf
FNDA:0,ERC721DataFacet.ownerOf
DA:64,0
DA:65,0
BRDA:65,1,0,-
DA:66,0
DA:68,0
DA:76,0
FN:76,ERC721DataFacet.getApproved
FNDA:0,ERC721DataFacet.getApproved
DA:77,0
DA:78,0
BRDA:78,2,0,-
DA:79,0
DA:81,0
DA:90,0
FN:90,ERC721DataFacet.isApprovedForAll
FNDA:0,ERC721DataFacet.isApprovedForAll
DA:91,0
FNF:5
FNH:0
LF:19
LH:0
BRF:3
BRH:0
end_of_record
TN:
SF:src/token/ERC721/Enumerable/Burn/ERC721EnumerableBurnFacet.sol
DA:44,0
FN:44,ERC721EnumerableBurnFacet.getStorage
FNDA:0,ERC721EnumerableBurnFacet.getStorage
DA:45,0
DA:47,0
DA:68,0
FN:68,ERC721EnumerableBurnFacet.getERC721Storage
FNDA:0,ERC721EnumerableBurnFacet.getERC721Storage
DA:69,0
DA:71,0
DA:79,0
FN:79,ERC721EnumerableBurnFacet.burn
FNDA:0,ERC721EnumerableBurnFacet.burn
DA:80,0
DA:81,0
DA:82,0
DA:83,0
BRDA:83,0,0,-
DA:84,0
DA:87,0
BRDA:87,1,0,-
DA:88,0
BRDA:88,2,0,-
DA:89,0
DA:100,0
DA:101,0
DA:102,0
BRDA:102,3,0,-
DA:103,0
DA:104,0
DA:105,0
DA:107,0
DA:112,0
DA:113,0
DA:115,0
BRDA:115,4,0,-
DA:116,0
DA:117,0
DA:118,0
DA:120,0
DA:123,0
FNF:3
FNH:0
LF:30
LH:0
BRF:5
BRH:0
end_of_record
TN:
SF:src/token/ERC721/Enumerable/Data/ERC721EnumerableDataFacet.sol
DA:29,0
FN:29,ERC721EnumerableDataFacet.getStorage
FNDA:0,ERC721EnumerableDataFacet.getStorage
DA:30,0
DA:32,0
DA:51,0
FN:51,ERC721EnumerableDataFacet.getERC721Storage
FNDA:0,ERC721EnumerableDataFacet.getERC721Storage
DA:52,0
DA:54,0
DA:62,0
FN:62,ERC721EnumerableDataFacet.totalSupply
FNDA:0,ERC721EnumerableDataFacet.totalSupply
DA:63,0
DA:72,0
FN:72,ERC721EnumerableDataFacet.tokenOfOwnerByIndex
FNDA:0,ERC721EnumerableDataFacet.tokenOfOwnerByIndex
DA:73,0
DA:74,0
DA:75,0
BRDA:75,0,0,-
DA:76,0
DA:78,0
DA:87,0
FN:87,ERC721EnumerableDataFacet.tokenByIndex
FNDA:0,ERC721EnumerableDataFacet.tokenByIndex
DA:88,0
DA:89,0
BRDA:89,1,0,-
DA:90,0
DA:92,0
FNF:5
FNH:0
LF:19
LH:0
BRF:2
BRH:0
end_of_record
TN:
SF:src/token/ERC721/Enumerable/Transfer/ERC721EnumerableTransferFacet.sol
DA:71,0
FN:71,ERC721EnumerableTransferFacet.getStorage
FNDA:0,ERC721EnumerableTransferFacet.getStorage
DA:72,0
DA:74,0
DA:95,0
FN:95,ERC721EnumerableTransferFacet.getERC721Storage
FNDA:0,ERC721EnumerableTransferFacet.getERC721Storage
DA:96,0
DA:98,0
DA:108,0
FN:108,ERC721EnumerableTransferFacet.internalTransferFrom
FNDA:0,ERC721EnumerableTransferFacet.internalTransferFrom
DA:109,0
DA:110,0
DA:111,0
BRDA:111,0,0,-
DA:112,0
DA:114,0
DA:115,0
BRDA:115,1,0,-
DA:116,0
DA:118,0
BRDA:118,2,0,-
DA:119,0
DA:121,0
BRDA:121,3,0,-
DA:122,0
BRDA:122,4,0,-
DA:123,0
DA:128,0
DA:129,0
DA:130,0
BRDA:130,5,0,-
DA:131,0
DA:132,0
DA:133,0
DA:135,0
DA:137,0
DA:138,0
DA:139,0
DA:140,0
DA:141,0
DA:143,0
DA:152,0
FN:152,ERC721EnumerableTransferFacet.transferFrom
FNDA:0,ERC721EnumerableTransferFacet.transferFrom
DA:153,0
DA:162,0
FN:162,ERC721EnumerableTransferFacet.safeTransferFrom.0
FNDA:0,ERC721EnumerableTransferFacet.safeTransferFrom.0
DA:163,0
DA:164,0
BRDA:164,6,0,-
DA:165,0
BRDA:165,7,0,-
DA:166,0
BRDA:166,8,0,-
DA:167,0
DA:169,0
BRDA:169,7,1,-
DA:170,0
BRDA:170,9,0,-
DA:171,0
DA:174,0
DA:187,0
FN:187,ERC721EnumerableTransferFacet.safeTransferFrom.1
FNDA:0,ERC721EnumerableTransferFacet.safeTransferFrom.1
DA:188,0
DA:189,0
BRDA:189,10,0,-
DA:190,0
BRDA:190,11,0,-
DA:191,0
BRDA:191,12,0,-
DA:192,0
DA:194,0
BRDA:194,11,1,-
DA:195,0
BRDA:195,13,0,-
DA:196,0
DA:199,0
FNF:6
FNH:0
LF:54
LH:0
BRF:16
BRH:0
end_of_record
TN:
SF:src/token/ERC721/Metadata/ERC721MetadataFacet.sol
DA:36,0
FN:36,ERC721MetadataFacet.getStorage
FNDA:0,ERC721MetadataFacet.getStorage
DA:37,0
DA:39,0
DA:60,0
FN:60,ERC721MetadataFacet.getERC721Storage
FNDA:0,ERC721MetadataFacet.getERC721Storage
DA:61,0
DA:63,0
DA:71,0
FN:71,ERC721MetadataFacet.name
FNDA:0,ERC721MetadataFacet.name
DA:72,0
DA:79,0
FN:79,ERC721MetadataFacet.symbol
FNDA:0,ERC721MetadataFacet.symbol
DA:80,0
DA:88,0
FN:88,ERC721MetadataFacet.tokenURI
FNDA:0,ERC721MetadataFacet.tokenURI
DA:89,0
DA:90,0
DA:91,0
DA:92,0
BRDA:92,0,0,-
DA:93,0
DA:95,0
BRDA:95,1,0,-
DA:96,0
DA:98,0
BRDA:98,2,0,-
DA:99,0
DA:104,0
DA:105,0
DA:106,0
DA:107,0
DA:108,0
DA:110,0
DA:111,0
DA:112,0
DA:118,0
DA:119,0
DA:121,0
FNF:5
FNH:0
LF:31
LH:0
BRF:3
BRH:0
end_of_record
TN:
SF:src/token/ERC721/Transfer/ERC721TransferFacet.sol
DA:71,0
FN:71,ERC721TransferFacet.getStorage
FNDA:0,ERC721TransferFacet.getStorage
DA:72,0
DA:74,0
DA:84,0
FN:84,ERC721TransferFacet.internalTransferFrom
FNDA:0,ERC721TransferFacet.internalTransferFrom
DA:85,0
DA:86,0
BRDA:86,0,0,-
DA:87,0
DA:89,0
DA:90,0
BRDA:90,1,0,-
DA:91,0
DA:93,0
BRDA:93,2,0,-
DA:94,0
DA:96,0
BRDA:96,3,0,-
DA:97,0
BRDA:97,4,0,-
DA:98,0
DA:103,0
DA:104,0
DA:106,0
DA:107,0
DA:116,0
FN:116,ERC721TransferFacet.transferFrom
FNDA:0,ERC721TransferFacet.transferFrom
DA:117,0
DA:126,0
FN:126,ERC721TransferFacet.safeTransferFrom.0
FNDA:0,ERC721TransferFacet.safeTransferFrom.0
DA:127,0
DA:128,0
BRDA:128,5,0,-
DA:129,0
BRDA:129,6,0,-
DA:130,0
BRDA:130,7,0,-
DA:131,0
DA:133,0
BRDA:133,6,1,-
DA:134,0
BRDA:134,8,0,-
BRDA:134,8,1,-
DA:135,0
DA:138,0
DA:152,0
FN:152,ERC721TransferFacet.safeTransferFrom.1
FNDA:0,ERC721TransferFacet.safeTransferFrom.1
DA:153,0
DA:154,0
BRDA:154,9,0,-
DA:155,0
BRDA:155,10,0,-
DA:156,0
BRDA:156,11,0,-
DA:157,0
DA:159,0
BRDA:159,10,1,-
DA:160,0
BRDA:160,12,0,-
BRDA:160,12,1,-
DA:161,0
DA:164,0
FNF:5
FNH:0
LF:41
LH:0
BRF:17
BRH:0
end_of_record
TN:
SF:src/token/Royalty/RoyaltyFacet.sol
DA:51,1095
FN:51,RoyaltyFacet.getStorage
FNDA:1095,RoyaltyFacet.getStorage
DA:52,1095
DA:54,0
DA:68,548
FN:68,RoyaltyFacet.royaltyInfo
FNDA:548,RoyaltyFacet.royaltyInfo
DA:73,548
DA:74,548
DA:76,548
BRDA:76,0,0,280
DA:77,280
DA:80,548
DA:81,548
FNF:2
FNH:2
LF:10
LH:9
BRF:1
BRH:1
end_of_record
TN:
SF:test/Base.t.sol
DA:32,30
FN:32,Base_Test.setUp
FNDA:30,Base_Test.setUp
DA:33,30
DA:35,0
DA:36,30
DA:38,30
DA:40,30
DA:47,180
FN:47,Base_Test.createUser
FNDA:180,Base_Test.createUser
DA:48,180
DA:49,180
DA:52,30
FN:52,Base_Test.createTestUsers
FNDA:30,Base_Test.createTestUsers
DA:53,30
DA:54,30
DA:55,30
DA:57,30
DA:58,30
DA:59,30
FNF:3
FNH:3
LF:16
LH:15
BRF:0
BRH:0
end_of_record
TN:
SF:test/access/AccessControl/harnesses/AccessControlFacetHarness.sol
DA:19,94
FN:19,AccessControlFacetHarness.initialize
FNDA:94,AccessControlFacetHarness.initialize
DA:20,94
DA:21,94
DA:28,0
FN:28,AccessControlFacetHarness.initializeWithRoles
FNDA:0,AccessControlFacetHarness.initializeWithRoles
DA:31,0
DA:35,0
DA:39,0
DA:40,0
DA:47,520
FN:47,AccessControlFacetHarness.forceGrantRole
FNDA:520,AccessControlFacetHarness.forceGrantRole
DA:48,520
DA:49,520
DA:56,0
FN:56,AccessControlFacetHarness.forceRevokeRole
FNDA:0,AccessControlFacetHarness.forceRevokeRole
DA:57,0
DA:58,0
DA:65,779
FN:65,AccessControlFacetHarness.forceSetRoleAdmin
FNDA:779,AccessControlFacetHarness.forceSetRoleAdmin
DA:66,779
DA:67,779
DA:73,1
FN:73,AccessControlFacetHarness.getStorageHasRole
FNDA:1,AccessControlFacetHarness.getStorageHasRole
DA:74,1
DA:80,1
FN:80,AccessControlFacetHarness.getStorageRoleAdmin
FNDA:1,AccessControlFacetHarness.getStorageRoleAdmin
DA:81,1
DA:88,3
FN:88,AccessControlFacetHarness.setupComplexRoleHierarchy
FNDA:3,AccessControlFacetHarness.setupComplexRoleHierarchy
DA:89,3
DA:95,3
DA:96,3
DA:97,3
DA:99,3
DA:100,3
DA:101,3
DA:107,0
FN:107,AccessControlFacetHarness.clearAllRoles
FNDA:0,AccessControlFacetHarness.clearAllRoles
DA:108,0
DA:113,0
DA:114,0
DA:115,0
DA:116,0
DA:117,0
DA:118,0
DA:124,0
FN:124,AccessControlFacetHarness.getDefaultAdminRole
FNDA:0,AccessControlFacetHarness.getDefaultAdminRole
DA:125,0
DA:131,1
FN:131,AccessControlFacetHarness.getStoragePosition
FNDA:1,AccessControlFacetHarness.getStoragePosition
DA:132,1
FNF:11
FNH:7
LF:41
LH:23
BRF:0
BRH:0
end_of_record
TN:
SF:test/access/AccessControl/harnesses/AccessControlHarness.sol
DA:19,71
FN:19,AccessControlHarness.initialize
FNDA:71,AccessControlHarness.initialize
DA:20,71
DA:21,71
DA:27,4131
FN:27,AccessControlHarness.hasRole
FNDA:4131,AccessControlHarness.hasRole
DA:28,4131
DA:34,3
FN:34,AccessControlHarness.requireRole
FNDA:3,AccessControlHarness.requireRole
DA:35,3
DA:41,267
FN:41,AccessControlHarness.setRoleAdmin
FNDA:267,AccessControlHarness.setRoleAdmin
DA:42,267
DA:48,2064
FN:48,AccessControlHarness.grantRole
FNDA:2064,AccessControlHarness.grantRole
DA:49,2064
DA:55,1288
FN:55,AccessControlHarness.revokeRole
FNDA:1288,AccessControlHarness.revokeRole
DA:56,1288
DA:62,266
FN:62,AccessControlHarness.getRoleAdmin
FNDA:266,AccessControlHarness.getRoleAdmin
DA:63,266
DA:64,266
DA:70,257
FN:70,AccessControlHarness.getStorageHasRole
FNDA:257,AccessControlHarness.getStorageHasRole
DA:71,257
DA:72,257
DA:78,146
FN:78,AccessControlHarness.forceGrantRole
FNDA:146,AccessControlHarness.forceGrantRole
DA:79,146
DA:80,146
DA:86,0
FN:86,AccessControlHarness.forceRevokeRole
FNDA:0,AccessControlHarness.forceRevokeRole
DA:87,0
DA:88,0
DA:94,0
FN:94,AccessControlHarness.forceSetRoleAdmin
FNDA:0,AccessControlHarness.forceSetRoleAdmin
DA:95,0
DA:96,0
DA:102,1
FN:102,AccessControlHarness.getDefaultAdminRole
FNDA:1,AccessControlHarness.getDefaultAdminRole
DA:103,1
FNF:12
FNH:10
LF:30
LH:24
BRF:0
BRH:0
end_of_record
TN:
SF:test/access/AccessControlPausable/harnesses/AccessControlPausableFacetHarness.sol
DA:19,16
FN:19,AccessControlPausableFacetHarness.initialize
FNDA:16,AccessControlPausableFacetHarness.initialize
DA:20,16
DA:21,16
DA:22,16
DA:29,5
FN:29,AccessControlPausableFacetHarness.forceGrantRole
FNDA:5,AccessControlPausableFacetHarness.forceGrantRole
DA:30,5
DA:31,5
DA:38,2
FN:38,AccessControlPausableFacetHarness.forceSetRoleAdmin
FNDA:2,AccessControlPausableFacetHarness.forceSetRoleAdmin
DA:39,2
DA:40,2
DA:46,1
FN:46,AccessControlPausableFacetHarness.getStoragePaused
FNDA:1,AccessControlPausableFacetHarness.getStoragePaused
DA:47,1
FNF:4
FNH:4
LF:12
LH:12
BRF:0
BRH:0
end_of_record
TN:
SF:test/access/AccessControlPausable/harnesses/AccessControlPausableHarness.sol
DA:19,15
FN:19,AccessControlPausableHarness.initialize
FNDA:15,AccessControlPausableHarness.initialize
DA:20,15
DA:21,15
DA:22,15
DA:28,523
FN:28,AccessControlPausableHarness.isRolePaused
FNDA:523,AccessControlPausableHarness.isRolePaused
DA:29,523
DA:35,271
FN:35,AccessControlPausableHarness.pauseRole
FNDA:271,AccessControlPausableHarness.pauseRole
DA:36,271
DA:42,264
FN:42,AccessControlPausableHarness.unpauseRole
FNDA:264,AccessControlPausableHarness.unpauseRole
DA:43,264
DA:49,4
FN:49,AccessControlPausableHarness.requireRoleNotPaused
FNDA:4,AccessControlPausableHarness.requireRoleNotPaused
DA:50,4
DA:56,3
FN:56,AccessControlPausableHarness.forceGrantRole
FNDA:3,AccessControlPausableHarness.forceGrantRole
DA:57,3
DA:58,3
DA:64,0
FN:64,AccessControlPausableHarness.forceSetRoleAdmin
FNDA:0,AccessControlPausableHarness.forceSetRoleAdmin
DA:65,0
DA:66,0
DA:72,4
FN:72,AccessControlPausableHarness.getStoragePaused
FNDA:4,AccessControlPausableHarness.getStoragePaused
DA:73,4
FNF:8
FNH:7
LF:20
LH:17
BRF:0
BRH:0
end_of_record
TN:
SF:test/access/AccessControlTemporal/harnesses/AccessControlTemporalFacetHarness.sol
DA:19,22
FN:19,AccessControlTemporalFacetHarness.initialize
FNDA:22,AccessControlTemporalFacetHarness.initialize
DA:20,22
DA:21,22
DA:22,22
DA:29,1
FN:29,AccessControlTemporalFacetHarness.forceGrantRole
FNDA:1,AccessControlTemporalFacetHarness.forceGrantRole
DA:30,1
DA:31,1
DA:38,0
FN:38,AccessControlTemporalFacetHarness.forceSetRoleAdmin
FNDA:0,AccessControlTemporalFacetHarness.forceSetRoleAdmin
DA:39,0
DA:40,0
DA:46,1
FN:46,AccessControlTemporalFacetHarness.getStorageExpiry
FNDA:1,AccessControlTemporalFacetHarness.getStorageExpiry
DA:47,1
FNF:4
FNH:3
LF:12
LH:9
BRF:0
BRH:0
end_of_record
TN:
SF:test/access/AccessControlTemporal/harnesses/AccessControlTemporalHarness.sol
DA:19,19
FN:19,AccessControlTemporalHarness.initialize
FNDA:19,AccessControlTemporalHarness.initialize
DA:20,19
DA:21,19
DA:22,19
DA:28,265
FN:28,AccessControlTemporalHarness.getRoleExpiry
FNDA:265,AccessControlTemporalHarness.getRoleExpiry
DA:29,265
DA:35,516
FN:35,AccessControlTemporalHarness.isRoleExpired
FNDA:516,AccessControlTemporalHarness.isRoleExpired
DA:36,516
DA:42,525
FN:42,AccessControlTemporalHarness.grantRoleWithExpiry
FNDA:525,AccessControlTemporalHarness.grantRoleWithExpiry
DA:43,525
DA:49,4
FN:49,AccessControlTemporalHarness.revokeTemporalRole
FNDA:4,AccessControlTemporalHarness.revokeTemporalRole
DA:50,4
DA:56,5
FN:56,AccessControlTemporalHarness.requireValidRole
FNDA:5,AccessControlTemporalHarness.requireValidRole
DA:57,5
DA:63,1
FN:63,AccessControlTemporalHarness.forceGrantRole
FNDA:1,AccessControlTemporalHarness.forceGrantRole
DA:64,1
DA:65,1
DA:71,0
FN:71,AccessControlTemporalHarness.forceSetRoleAdmin
FNDA:0,AccessControlTemporalHarness.forceSetRoleAdmin
DA:72,0
DA:73,0
DA:79,4
FN:79,AccessControlTemporalHarness.getStorageExpiry
FNDA:4,AccessControlTemporalHarness.getStorageExpiry
DA:80,4
FNF:9
FNH:8
LF:22
LH:19
BRF:0
BRH:0
end_of_record
TN:
SF:test/access/Owner/harnesses/OwnerFacetHarness.sol
DA:19,20
FN:19,OwnerFacetHarness.initialize
FNDA:20,OwnerFacetHarness.initialize
DA:20,20
DA:21,20
DA:28,0
FN:28,OwnerFacetHarness.forceSetOwner
FNDA:0,OwnerFacetHarness.forceSetOwner
DA:29,0
DA:30,0
DA:36,0
FN:36,OwnerFacetHarness.getStorageOwner
FNDA:0,OwnerFacetHarness.getStorageOwner
DA:37,0
FNF:3
FNH:1
LF:8
LH:3
BRF:0
BRH:0
end_of_record
TN:
SF:test/access/Owner/harnesses/OwnerHarness.sol
DA:18,20
FN:18,OwnerHarness.initialize
FNDA:20,OwnerHarness.initialize
DA:19,20
DA:20,20
DA:26,1294
FN:26,OwnerHarness.owner
FNDA:1294,OwnerHarness.owner
DA:27,1294
DA:33,1553
FN:33,OwnerHarness.transferOwnership
FNDA:1553,OwnerHarness.transferOwnership
DA:34,1553
DA:40,258
FN:40,OwnerHarness.requireOwner
FNDA:258,OwnerHarness.requireOwner
DA:41,0
DA:47,1
FN:47,OwnerHarness.getStorageOwner
FNDA:1,OwnerHarness.getStorageOwner
DA:48,1
DA:54,1
FN:54,OwnerHarness.forceRenounce
FNDA:1,OwnerHarness.forceRenounce
DA:55,1
DA:56,1
FNF:6
FNH:6
LF:14
LH:13
BRF:0
BRH:0
end_of_record
TN:
SF:test/access/OwnerTwoSteps/harnesses/OwnerTwoStepsFacetHarness.sol
DA:19,38
FN:19,OwnerTwoStepsFacetHarness.initialize
FNDA:38,OwnerTwoStepsFacetHarness.initialize
DA:20,38
DA:21,38
DA:22,38
DA:23,38
DA:30,0
FN:30,OwnerTwoStepsFacetHarness.forceSetOwner
FNDA:0,OwnerTwoStepsFacetHarness.forceSetOwner
DA:31,0
DA:32,0
DA:39,0
FN:39,OwnerTwoStepsFacetHarness.forceSetPendingOwner
FNDA:0,OwnerTwoStepsFacetHarness.forceSetPendingOwner
DA:40,0
DA:41,0
DA:47,0
FN:47,OwnerTwoStepsFacetHarness.getStorageValues
FNDA:0,OwnerTwoStepsFacetHarness.getStorageValues
DA:48,0
DA:49,0
DA:50,0
DA:51,0
DA:57,0
FN:57,OwnerTwoStepsFacetHarness.forceRenounce
FNDA:0,OwnerTwoStepsFacetHarness.forceRenounce
DA:58,0
DA:59,0
DA:60,0
DA:61,0
FNF:5
FNH:1
LF:21
LH:5
BRF:0
BRH:0
end_of_record
TN:
SF:test/access/OwnerTwoSteps/harnesses/OwnerTwoStepsHarness.sol
DA:18,35
FN:18,OwnerTwoStepsHarness.initialize
FNDA:35,OwnerTwoStepsHarness.initialize
DA:19,35
DA:20,35
DA:21,35
DA:22,35
DA:28,1811
FN:28,OwnerTwoStepsHarness.owner
FNDA:1811,OwnerTwoStepsHarness.owner
DA:29,1811
DA:35,1051
FN:35,OwnerTwoStepsHarness.pendingOwner
FNDA:1051,OwnerTwoStepsHarness.pendingOwner
DA:36,1051
DA:42,1820
FN:42,OwnerTwoStepsHarness.transferOwnership
FNDA:1820,OwnerTwoStepsHarness.transferOwnership
DA:43,1820
DA:49,1292
FN:49,OwnerTwoStepsHarness.acceptOwnership
FNDA:1292,OwnerTwoStepsHarness.acceptOwnership
DA:50,0
DA:56,2
FN:56,OwnerTwoStepsHarness.renounceOwnership
FNDA:2,OwnerTwoStepsHarness.renounceOwnership
DA:57,0
DA:63,2
FN:63,OwnerTwoStepsHarness.requireOwner
FNDA:2,OwnerTwoStepsHarness.requireOwner
DA:64,0
DA:70,1
FN:70,OwnerTwoStepsHarness.getStorageOwner
FNDA:1,OwnerTwoStepsHarness.getStorageOwner
DA:71,1
DA:77,2
FN:77,OwnerTwoStepsHarness.getStoragePendingOwner
FNDA:2,OwnerTwoStepsHarness.getStoragePendingOwner
DA:78,2
DA:84,2
FN:84,OwnerTwoStepsHarness.forceRenounce
FNDA:2,OwnerTwoStepsHarness.forceRenounce
DA:85,2
DA:86,2
DA:87,2
DA:88,2
DA:94,0
FN:94,OwnerTwoStepsHarness.forcePendingOwner
FNDA:0,OwnerTwoStepsHarness.forcePendingOwner
DA:95,0
DA:96,0
FNF:11
FNH:10
LF:29
LH:23
BRF:0
BRH:0
end_of_record
TN:
SF:test/benchmark/Base.t.sol
DA:12,0
FN:12,BaseBenchmark.setUp
FNDA:0,BaseBenchmark.setUp
DA:13,0
DA:14,0
DA:17,0
DA:18,0
DA:19,0
DA:20,0
DA:21,0
DA:23,0
DA:25,0
DA:29,0
DA:31,0
DA:33,0
DA:36,0
DA:38,0
DA:43,0
FN:43,BaseBenchmark._afterLoupeInstalled
FNDA:0,BaseBenchmark._afterLoupeInstalled
DA:45,0
FN:45,BaseBenchmark._afterDiamondPopulated
FNDA:0,BaseBenchmark._afterDiamondPopulated
FNF:3
FNH:0
LF:17
LH:0
BRF:0
BRH:0
end_of_record
TN:
SF:test/benchmark/MinimalDiamond.sol
DA:35,155
FN:35,MinimalDiamond.getStorage
FNDA:155,MinimalDiamond.getStorage
DA:36,155
DA:38,0
DA:42,68
FN:42,MinimalDiamond.initialize
FNDA:68,MinimalDiamond.initialize
DA:43,68
DA:44,46
DA:45,46
BRDA:45,0,0,46
BRDA:45,0,1,-
DA:46,46
DA:47,0
BRDA:47,1,0,-
BRDA:47,1,1,-
DA:48,0
DA:49,0
BRDA:49,2,0,-
DA:50,0
DA:54,68
BRDA:54,3,0,22
DA:55,22
DA:56,22
BRDA:56,4,0,-
DA:57,0
BRDA:57,5,0,-
DA:58,0
DA:61,0
DA:67,109
FN:67,MinimalDiamond.fallback
FNDA:109,MinimalDiamond.fallback
DA:68,109
DA:69,109
DA:70,109
BRDA:70,6,0,-
DA:71,0
DA:75,0
DA:76,0
DA:77,0
DA:79,0
DA:80,0
DA:82,0
DA:83,0
DA:90,46
FN:90,MinimalDiamond._addFunctions
FNDA:46,MinimalDiamond._addFunctions
DA:91,46
BRDA:91,7,0,-
DA:92,0
DA:94,46
BRDA:94,8,0,-
DA:95,0
DA:98,46
DA:99,46
DA:100,46
DA:101,184
DA:102,184
BRDA:102,9,0,-
DA:103,0
DA:105,184
DA:106,184
DA:107,184
DA:111,0
FN:111,MinimalDiamond._replaceFunctions
FNDA:0,MinimalDiamond._replaceFunctions
DA:112,0
BRDA:112,10,0,-
DA:113,0
DA:115,0
BRDA:115,11,0,-
DA:116,0
DA:119,0
DA:120,0
DA:121,0
DA:122,0
DA:123,0
BRDA:123,12,0,-
DA:124,0
DA:126,0
BRDA:126,13,0,-
DA:127,0
DA:129,0
DA:133,0
FN:133,MinimalDiamond._removeFunctions
FNDA:0,MinimalDiamond._removeFunctions
DA:134,0
DA:135,0
DA:136,0
DA:137,0
DA:138,0
DA:139,0
BRDA:139,14,0,-
DA:140,0
DA:143,0
DA:144,0
BRDA:144,15,0,-
DA:145,0
DA:146,0
DA:147,0
DA:150,0
FNF:6
FNH:4
LF:72
LH:25
BRF:18
BRH:2
end_of_record
TN:
SF:test/diamond/ShardedLoupe.t.sol
DA:27,2
FN:27,MinimalDiamond.constructor
FNDA:2,MinimalDiamond.constructor
DA:28,2
DA:30,2
DA:32,2
DA:33,2
DA:34,2
DA:36,2
DA:37,2
DA:38,2
DA:39,2
DA:40,2
DA:41,2
DA:43,2
DA:44,2
DA:45,2
DA:46,2
DA:47,2
DA:49,2
DA:52,15
FN:52,MinimalDiamond.fallback
FNDA:15,MinimalDiamond.fallback
DA:53,0
DA:58,2
FN:58,MinimalDiamond._setOwner
FNDA:2,MinimalDiamond._setOwner
DA:59,2
DA:61,0
DA:67,1
FN:67,RebuildInit.init
FNDA:1,RebuildInit.init
DA:68,1
DA:73,0
FN:73,MockFacetA.a
FNDA:0,MockFacetA.a
DA:74,0
DA:77,0
FN:77,MockFacetA.b
FNDA:0,MockFacetA.b
DA:78,0
DA:83,0
FN:83,MockFacetB.c
FNDA:0,MockFacetB.c
DA:84,0
FNF:7
FNH:4
LF:31
LH:23
BRF:0
BRH:0
end_of_record
TN:
SF:test/diamondTensor/ShardedLoupeTensor.t.sol
DA:31,2
FN:31,MinimalDiamondTensor.constructor
FNDA:2,MinimalDiamondTensor.constructor
DA:32,2
DA:34,2
DA:36,2
DA:37,2
DA:38,2
DA:40,2
DA:41,2
DA:42,2
DA:43,2
DA:44,2
DA:45,2
DA:47,2
DA:48,2
DA:49,2
DA:50,2
DA:51,2
DA:53,2
DA:56,19
FN:56,MinimalDiamondTensor.fallback
FNDA:19,MinimalDiamondTensor.fallback
DA:57,0
DA:62,2
FN:62,MinimalDiamondTensor._setOwner
FNDA:2,MinimalDiamondTensor._setOwner
DA:63,2
DA:65,0
DA:71,1
FN:71,RebuildInitTensor.init
FNDA:1,RebuildInitTensor.init
DA:72,1
FNF:4
FNH:4
LF:25
LH:23
BRF:0
BRH:0
end_of_record
TN:
SF:test/harnesses/token/ERC20/ERC20ApproveModHarness.sol
DA:18,512
FN:18,ERC20ApproveModHarness.approve
FNDA:512,ERC20ApproveModHarness.approve
DA:19,512
FNF:1
FNH:1
LF:2
LH:2
BRF:0
BRH:0
end_of_record
TN:
SF:test/harnesses/token/ERC20/ERC20BurnModHarness.sol
DA:18,768
FN:18,ERC20BurnModHarness.burn
FNDA:768,ERC20BurnModHarness.burn
DA:19,768
FNF:1
FNH:1
LF:2
LH:2
BRF:0
BRH:0
end_of_record
TN:
SF:test/harnesses/token/ERC20/ERC20MintModHarness.sol
DA:18,1024
FN:18,ERC20MintModHarness.mint
FNDA:1024,ERC20MintModHarness.mint
DA:19,1024
FNF:1
FNH:1
LF:2
LH:2
BRF:0
BRH:0
end_of_record
TN:
SF:test/harnesses/token/ERC20/ERC20TransferModHarness.sol
DA:18,1536
FN:18,ERC20TransferModHarness.transferFrom
FNDA:1536,ERC20TransferModHarness.transferFrom
DA:19,1536
DA:25,768
FN:25,ERC20TransferModHarness.transfer
FNDA:768,ERC20TransferModHarness.transfer
DA:26,768
FNF:2
FNH:2
LF:4
LH:4
BRF:0
BRH:0
end_of_record
TN:
SF:test/interfaceDetection/ERC165/harnesses/ERC165FacetHarness.sol
DA:23,0
FN:23,ERC165FacetHarness.initialize
FNDA:0,ERC165FacetHarness.initialize
DA:38,3459
FN:38,ERC165FacetHarness.registerInterface
FNDA:3459,ERC165FacetHarness.registerInterface
DA:39,3459
DA:40,3459
DA:49,3173
FN:49,ERC165FacetHarness.unregisterInterface
FNDA:3173,ERC165FacetHarness.unregisterInterface
DA:50,3173
DA:51,3173
DA:57,257
FN:57,ERC165FacetHarness.getStorageValue
FNDA:257,ERC165FacetHarness.getStorageValue
DA:58,257
DA:64,1
FN:64,ERC165FacetHarness.exposedGetStorage
FNDA:1,ERC165FacetHarness.exposedGetStorage
DA:65,1
FNF:5
FNH:4
LF:11
LH:10
BRF:0
BRH:0
end_of_record
TN:
SF:test/interfaceDetection/ERC165/harnesses/ERC165Harness.sol
DA:20,0
FN:20,ERC165Harness.initialize
FNDA:0,ERC165Harness.initialize
DA:32,5283
FN:32,ERC165Harness.registerInterface
FNDA:5283,ERC165Harness.registerInterface
DA:33,5283
DA:39,12852
FN:39,ERC165Harness.supportsInterface
FNDA:12852,ERC165Harness.supportsInterface
DA:40,12852
DA:41,12852
DA:47,262
FN:47,ERC165Harness.getStorageValue
FNDA:262,ERC165Harness.getStorageValue
DA:48,262
DA:54,1
FN:54,ERC165Harness.getStoragePosition
FNDA:1,ERC165Harness.getStoragePosition
DA:55,1
DA:61,776
FN:61,ERC165Harness.forceSetInterface
FNDA:776,ERC165Harness.forceSetInterface
DA:62,776
DA:63,776
DA:69,261
FN:69,ERC165Harness.registerMultipleInterfaces
FNDA:261,ERC165Harness.registerMultipleInterfaces
DA:70,261
DA:71,6447
FNF:7
FNH:6
LF:16
LH:15
BRF:0
BRH:0
end_of_record
TN:
SF:test/libraries/harnesses/NonReentrancyHarness.sol
DA:15,5
FN:15,NonReentrantHarness.guardedIncrement
FNDA:5,NonReentrantHarness.guardedIncrement
DA:16,0
DA:17,4
DA:18,0
DA:21,1
FN:21,NonReentrantHarness.guardedIncrementAndReenter
FNDA:1,NonReentrantHarness.guardedIncrementAndReenter
DA:22,0
DA:23,1
DA:25,1
DA:27,0
DA:30,1
FN:30,NonReentrantHarness.guardedIncrementAndForceRevert
FNDA:1,NonReentrantHarness.guardedIncrementAndForceRevert
DA:31,0
DA:32,1
DA:33,1
FNF:3
FNH:3
LF:13
LH:8
BRF:0
BRH:0
end_of_record
TN:
SF:test/token/ERC1155/ERC1155/harnesses/ERC1155FacetHarness.sol
DA:19,72
FN:19,ERC1155FacetHarness.initialize
FNDA:72,ERC1155FacetHarness.initialize
DA:20,72
DA:21,72
DA:28,1
FN:28,ERC1155FacetHarness.setBaseURI
FNDA:1,ERC1155FacetHarness.setBaseURI
DA:29,1
DA:30,1
DA:37,2
FN:37,ERC1155FacetHarness.setTokenURI
FNDA:2,ERC1155FacetHarness.setTokenURI
DA:38,2
DA:39,2
DA:40,2
DA:41,2
DA:48,306
FN:48,ERC1155FacetHarness.mint
FNDA:306,ERC1155FacetHarness.mint
DA:49,306
BRDA:49,0,0,1
DA:50,1
DA:52,305
DA:53,305
DA:54,305
DA:61,13
FN:61,ERC1155FacetHarness.mintBatch
FNDA:13,ERC1155FacetHarness.mintBatch
DA:62,13
BRDA:62,1,0,1
DA:63,1
DA:65,12
BRDA:65,2,0,1
DA:66,1
DA:68,11
DA:69,11
DA:70,24
DA:72,11
DA:79,6
FN:79,ERC1155FacetHarness.burn
FNDA:6,ERC1155FacetHarness.burn
DA:80,6
BRDA:80,3,0,1
DA:81,1
DA:83,5
DA:84,5
DA:85,5
BRDA:85,4,0,2
DA:86,2
DA:89,3
DA:91,3
DA:98,5
FN:98,ERC1155FacetHarness.burnBatch
FNDA:5,ERC1155FacetHarness.burnBatch
DA:99,5
BRDA:99,5,0,1
DA:100,1
DA:102,4
BRDA:102,6,0,1
DA:103,1
DA:105,3
DA:106,3
DA:107,8
DA:108,8
DA:109,8
DA:110,8
BRDA:110,7,0,1
DA:111,1
DA:114,7
DA:117,2
FNF:7
FNH:7
LF:49
LH:49
BRF:8
BRH:8
end_of_record
TN:
SF:test/token/ERC1155/ERC1155/harnesses/ERC1155Harness.sol
DA:20,75
FN:20,ERC1155Harness.initialize
FNDA:75,ERC1155Harness.initialize
DA:21,75
DA:22,75
DA:28,1
FN:28,ERC1155Harness.setBaseURI
FNDA:1,ERC1155Harness.setBaseURI
DA:29,1
DA:35,2
FN:35,ERC1155Harness.setTokenURI
FNDA:2,ERC1155Harness.setTokenURI
DA:36,2
DA:42,821
FN:42,ERC1155Harness.mint
FNDA:821,ERC1155Harness.mint
DA:43,821
DA:49,14
FN:49,ERC1155Harness.mintBatch
FNDA:14,ERC1155Harness.mintBatch
DA:50,14
DA:56,262
FN:56,ERC1155Harness.burn
FNDA:262,ERC1155Harness.burn
DA:57,262
DA:63,5
FN:63,ERC1155Harness.burnBatch
FNDA:5,ERC1155Harness.burnBatch
DA:64,5
DA:70,275
FN:70,ERC1155Harness.safeTransferFrom
FNDA:275,ERC1155Harness.safeTransferFrom
DA:71,275
DA:77,17
FN:77,ERC1155Harness.safeBatchTransferFrom
FNDA:17,ERC1155Harness.safeBatchTransferFrom
DA:80,17
DA:86,2
FN:86,ERC1155Harness.uri
FNDA:2,ERC1155Harness.uri
DA:87,2
DA:88,2
DA:89,2
DA:95,1085
FN:95,ERC1155Harness.balanceOf
FNDA:1085,ERC1155Harness.balanceOf
DA:96,1085
DA:102,5
FN:102,ERC1155Harness.balanceOfBatch
FNDA:5,ERC1155Harness.balanceOfBatch
DA:107,5
BRDA:107,0,0,-
BRDA:107,0,1,-
DA:108,5
DA:109,5
DA:110,5
DA:111,10
DA:113,0
DA:119,259
FN:119,ERC1155Harness.isApprovedForAll
FNDA:259,ERC1155Harness.isApprovedForAll
DA:120,259
DA:126,264
FN:126,ERC1155Harness.setApprovalForAll
FNDA:264,ERC1155Harness.setApprovalForAll
DA:127,264
DA:128,264
FNF:14
FNH:14
LF:37
LH:36
BRF:2
BRH:0
end_of_record
TN:
SF:test/token/ERC1155/ERC1155/mocks/ERC1155ReceiverMock.sol
DA:33,31
FN:33,ERC1155ReceiverMock.constructor
FNDA:31,ERC1155ReceiverMock.constructor
DA:34,31
DA:35,31
DA:36,31
DA:39,16
FN:39,ERC1155ReceiverMock.onERC1155Received
FNDA:16,ERC1155ReceiverMock.onERC1155Received
DA:44,16
BRDA:44,0,0,2
BRDA:44,0,1,2
DA:45,2
DA:46,14
BRDA:46,1,0,3
BRDA:46,1,1,2
DA:47,3
DA:48,11
BRDA:48,2,0,2
BRDA:48,2,1,2
DA:49,2
DA:50,9
BRDA:50,3,0,2
DA:51,2
DA:55,9
DA:56,7
DA:59,15
FN:59,ERC1155ReceiverMock.onERC1155BatchReceived
FNDA:15,ERC1155ReceiverMock.onERC1155BatchReceived
DA:66,15
BRDA:66,4,0,2
BRDA:66,4,1,2
DA:67,2
DA:68,13
BRDA:68,5,0,2
BRDA:68,5,1,2
DA:69,2
DA:70,11
BRDA:70,6,0,2
BRDA:70,6,1,2
DA:71,2
DA:72,9
BRDA:72,7,0,2
DA:73,2
DA:77,9
DA:78,7
FNF:3
FNH:3
LF:26
LH:26
BRF:14
BRH:14
end_of_record
TN:
SF:test/token/ERC6909/ERC6909/harnesses/ERC6909FacetHarness.sol
DA:16,3334
FN:16,ERC6909FacetHarness.mint
FNDA:3334,ERC6909FacetHarness.mint
DA:17,3334
BRDA:17,0,0,-
DA:18,0
DA:20,3334
DA:22,3334
DA:24,3334
FNF:1
FNH:1
LF:6
LH:5
BRF:1
BRH:0
end_of_record
TN:
SF:test/token/ERC6909/ERC6909/harnesses/ERC6909Harness.sol
DA:15,3333
FN:15,ERC6909Harness.mint
FNDA:3333,ERC6909Harness.mint
DA:16,3333
DA:19,259
FN:19,ERC6909Harness.burn
FNDA:259,ERC6909Harness.burn
DA:20,259
DA:23,2817
FN:23,ERC6909Harness.transfer
FNDA:2817,ERC6909Harness.transfer
DA:24,2817
DA:27,2051
FN:27,ERC6909Harness.approve
FNDA:2051,ERC6909Harness.approve
DA:28,2051
DA:31,773
FN:31,ERC6909Harness.setOperator
FNDA:773,ERC6909Harness.setOperator
DA:32,773
DA:35,3330
FN:35,ERC6909Harness.balanceOf
FNDA:3330,ERC6909Harness.balanceOf
DA:36,3330
DA:39,1281
FN:39,ERC6909Harness.allowance
FNDA:1281,ERC6909Harness.allowance
DA:40,1281
DA:43,258
FN:43,ERC6909Harness.isOperator
FNDA:258,ERC6909Harness.isOperator
DA:44,258
FNF:8
FNH:8
LF:16
LH:16
BRF:0
BRH:0
end_of_record
TN:
SF:test/token/Royalty/harnesses/RoyaltyFacetHarness.sol
DA:20,279
FN:20,RoyaltyFacetHarness.setDefaultRoyalty
FNDA:279,RoyaltyFacetHarness.setDefaultRoyalty
DA:21,279
DA:22,279
DA:29,268
FN:29,RoyaltyFacetHarness.setTokenRoyalty
FNDA:268,RoyaltyFacetHarness.setTokenRoyalty
DA:30,268
DA:31,268
FNF:2
FNH:2
LF:6
LH:6
BRF:0
BRH:0
end_of_record
TN:
SF:test/token/Royalty/harnesses/RoyaltyHarness.sol
DA:19,535
FN:19,RoyaltyHarness.royaltyInfo
FNDA:535,RoyaltyHarness.royaltyInfo
DA:24,535
DA:30,536
FN:30,RoyaltyHarness.setDefaultRoyalty
FNDA:536,RoyaltyHarness.setDefaultRoyalty
DA:31,536
DA:37,4
FN:37,RoyaltyHarness.deleteDefaultRoyalty
FNDA:4,RoyaltyHarness.deleteDefaultRoyalty
DA:38,0
DA:44,792
FN:44,RoyaltyHarness.setTokenRoyalty
FNDA:792,RoyaltyHarness.setTokenRoyalty
DA:45,792
DA:51,262
FN:51,RoyaltyHarness.resetTokenRoyalty
FNDA:262,RoyaltyHarness.resetTokenRoyalty
DA:52,262
DA:58,261
FN:58,RoyaltyHarness.getDefaultRoyaltyReceiver
FNDA:261,RoyaltyHarness.getDefaultRoyaltyReceiver
DA:59,261
DA:65,261
FN:65,RoyaltyHarness.getDefaultRoyaltyFraction
FNDA:261,RoyaltyHarness.getDefaultRoyaltyFraction
DA:66,261
DA:72,526
FN:72,RoyaltyHarness.getTokenRoyaltyReceiver
FNDA:526,RoyaltyHarness.getTokenRoyaltyReceiver
DA:73,526
DA:79,523
FN:79,RoyaltyHarness.getTokenRoyaltyFraction
FNDA:523,RoyaltyHarness.getTokenRoyaltyFraction
DA:80,523
FNF:9
FNH:9
LF:18
LH:17
BRF:0
BRH:0
end_of_record
TN:
SF:test/unit/token/ERC20/Transfer/facet/ERC20TransferFacetBase.t.sol
DA:14,11
FN:14,ERC20TransferFacet_Base_Test.setUp
FNDA:11,ERC20TransferFacet_Base_Test.setUp
DA:15,0
DA:16,11
DA:17,11
FNF:1
FNH:1
LF:4
LH:3
BRF:0
BRH:0
end_of_record
TN:
SF:test/unit/token/ERC20/Transfer/mod/ERC20TransferModBase.t.sol
DA:14,9
FN:14,ERC20TransferMod_Base_Test.setUp
FNDA:9,ERC20TransferMod_Base_Test.setUp
DA:15,0
DA:16,9
DA:17,9
FNF:1
FNH:1
LF:4
LH:3
BRF:0
BRH:0
end_of_record
TN:
SF:test/utils/Defaults.sol
DA:22,30
FN:22,Defaults.setUsers
FNDA:30,Defaults.setUsers
DA:23,30
FNF:1
FNH:1
LF:2
LH:2
BRF:0
BRH:0
end_of_record
TN:
SF:test/utils/Modifiers.sol
DA:20,30
FN:20,Modifiers.setVariables
FNDA:30,Modifiers.setVariables
DA:21,30
DA:22,30
DA:29,512
FN:29,Modifiers.whenAccountNotZeroAddress
FNDA:512,Modifiers.whenAccountNotZeroAddress
DA:33,1024
FN:33,Modifiers.whenReceiverNotZeroAddress
FNDA:1024,Modifiers.whenReceiverNotZeroAddress
DA:37,512
FN:37,Modifiers.whenSpenderNotZeroAddress
FNDA:512,Modifiers.whenSpenderNotZeroAddress
DA:41,512
FN:41,Modifiers.whenSenderNotZeroAddress
FNDA:512,Modifiers.whenSenderNotZeroAddress
DA:45,256
FN:45,Modifiers.givenWhenTotalSupplyNotOverflow
FNDA:256,Modifiers.givenWhenTotalSupplyNotOverflow
DA:49,256
FN:49,Modifiers.givenWhenAccountBalanceGEBurnAmount
FNDA:256,Modifiers.givenWhenAccountBalanceGEBurnAmount
DA:53,1024
FN:53,Modifiers.givenWhenSenderBalanceGETransferAmount
FNDA:1024,Modifiers.givenWhenSenderBalanceGETransferAmount
DA:57,512
FN:57,Modifiers.givenWhenSpenderAllowanceGETransferAmount
FNDA:512,Modifiers.givenWhenSpenderAllowanceGETransferAmount
FNF:9
FNH:9
LF:11
LH:11
BRF:0
BRH:0
end_of_record
TN:
SF:test/utils/Utils.sol
DA:26,0
FN:26,Utils.getBlockTimestamp
FNDA:0,Utils.getBlockTimestamp
DA:27,0
DA:30,2078
FN:30,Utils.setMsgSender
FNDA:2078,Utils.setMsgSender
DA:31,2078
DA:32,2078
DA:34,2078
DA:41,70879
FN:41,Utils._facetAndPositionsSlot
FNDA:70879,Utils._facetAndPositionsSlot
DA:42,70879
DA:45,70879
FN:45,Utils._packFacetAndPosition
FNDA:70879,Utils._packFacetAndPosition
DA:46,70879
DA:49,70879
FN:49,Utils._storeFacetAndPosition
FNDA:70879,Utils._storeFacetAndPosition
DA:50,70879
DA:53,38
FN:53,Utils._selectorsLengthSlot
FNDA:38,Utils._selectorsLengthSlot
DA:54,38
DA:57,70880
FN:57,Utils._selectorsDataBase
FNDA:70880,Utils._selectorsDataBase
DA:58,70880
DA:61,70880
FN:61,Utils._storeSelectorAtIndex
FNDA:70880,Utils._storeSelectorAtIndex
DA:62,70880
DA:63,70880
DA:64,70880
DA:65,70880
DA:67,70880
DA:69,70880
DA:70,70880
DA:71,70880
DA:72,70880
DA:74,70880
DA:77,2
FN:77,Utils._buildDiamond
FNDA:2,Utils._buildDiamond
DA:78,2
DA:79,2
DA:81,2
DA:82,2
DA:83,64
DA:84,64
DA:85,1024
DA:86,1024
DA:87,1024
DA:89,1024
DA:95,8766
FN:95,Utils._facetAddr
FNDA:8766,Utils._facetAddr
DA:96,8766
DA:99,70880
FN:99,Utils._selectorFor
FNDA:70880,Utils._selectorFor
DA:100,70880
FNF:11
FNH:10
LF:42
LH:40
BRF:0
BRH:0
end_of_record
TN:
SF:test/utils/storage/ERC20StorageUtils.sol
DA:33,12288
FN:33,ERC20StorageUtils.balanceOf
FNDA:12288,ERC20StorageUtils.balanceOf
DA:34,12288
DA:35,12288
DA:38,5120
FN:38,ERC20StorageUtils.totalSupply
FNDA:5120,ERC20StorageUtils.totalSupply
DA:39,5120
DA:40,5120
DA:43,1536
FN:43,ERC20StorageUtils.allowance
FNDA:1536,ERC20StorageUtils.allowance
DA:44,1536
DA:45,1536
DA:46,1536
DA:53,4096
FN:53,ERC20StorageUtils.setBalance
FNDA:4096,ERC20StorageUtils.setBalance
DA:54,4096
DA:55,4096
DA:58,4096
FN:58,ERC20StorageUtils.setTotalSupply
FNDA:4096,ERC20StorageUtils.setTotalSupply
DA:59,4096
DA:60,4096
DA:63,2304
FN:63,ERC20StorageUtils.setAllowance
FNDA:2304,ERC20StorageUtils.setAllowance
DA:64,2304
DA:65,2304
DA:66,2304
DA:72,4096
FN:72,ERC20StorageUtils.mint
FNDA:4096,ERC20StorageUtils.mint
DA:73,4096
DA:74,4096
DA:76,4096
DA:77,4096
FNF:7
FNH:7
LF:25
LH:25
BRF:0
BRH:0
end_of_record
